time="2022-02-11T07:48:06Z" level=info msg=amf category=App component=AMF
time="2022-02-11T07:48:06Z" level=info msg="AMF version:  \n\tfree5GC version: v3.0.6\n\tbuild time:      2022-02-11T07:46:41Z\n\tcommit hash:     b3e99f97\n\tcommit time:     2021-09-24T09:44:32Z\n\tgo version:      go1.14.4 linux/amd64" category=App component=AMF
time="2022-02-11T07:48:06Z" level=info msg="AMF Log level is set to [info] level" category=Init component=AMF
time="2022-02-11T07:48:06Z" level=info msg="set log level : info" category=NAS component=LIB
time="2022-02-11T07:48:06Z" level=info msg="set report call : false" category=NAS component=LIB
time="2022-02-11T07:48:06Z" level=info msg="set log level : info" category=NGAP component=LIB
time="2022-02-11T07:48:06Z" level=info msg="set report call : false" category=NGAP component=LIB
time="2022-02-11T07:48:06Z" level=info msg="set log level : info" category=FSM component=LIB
time="2022-02-11T07:48:06Z" level=info msg="set report call : false" category=FSM component=LIB
time="2022-02-11T07:48:06Z" level=info msg="set log level : info" category=Aper component=LIB
time="2022-02-11T07:48:06Z" level=info msg="set report call : false" category=Aper component=LIB
time="2022-02-11T07:48:06Z" level=info msg="set log level : info" category=OAPI component=LIB
time="2022-02-11T07:48:06Z" level=info msg="set report call : false" category=OAPI component=LIB
time="2022-02-11T07:48:06Z" level=info msg="config version [1.0.2]" category=CFG component=AMF
time="2022-02-11T07:48:06Z" level=info msg="Server started" category=Init component=AMF
time="2022-02-11T07:48:06Z" level=info msg="amfconfig Info: Version[1.0.2] Description[AMF initial local configuration]" category=Util component=AMF
time="2022-02-11T07:48:06Z" level=info msg="Listen on 127.0.0.1:38412" category=NGAP component=AMF
time="2022-02-11T07:54:30Z" level=info msg=amf category=App component=AMF
time="2022-02-11T07:54:30Z" level=info msg="AMF version:  \n\tfree5GC version: v3.0.6\n\tbuild time:      2022-02-11T07:46:41Z\n\tcommit hash:     b3e99f97\n\tcommit time:     2021-09-24T09:44:32Z\n\tgo version:      go1.14.4 linux/amd64" category=App component=AMF
time="2022-02-11T07:54:30Z" level=info msg="AMF Log level is set to [info] level" category=Init component=AMF
time="2022-02-11T07:54:30Z" level=info msg="set log level : info" category=NAS component=LIB
time="2022-02-11T07:54:30Z" level=info msg="set report call : false" category=NAS component=LIB
time="2022-02-11T07:54:30Z" level=info msg="set log level : info" category=NGAP component=LIB
time="2022-02-11T07:54:30Z" level=info msg="set report call : false" category=NGAP component=LIB
time="2022-02-11T07:54:30Z" level=info msg="set log level : info" category=FSM component=LIB
time="2022-02-11T07:54:30Z" level=info msg="set report call : false" category=FSM component=LIB
time="2022-02-11T07:54:30Z" level=info msg="set log level : info" category=Aper component=LIB
time="2022-02-11T07:54:30Z" level=info msg="set report call : false" category=Aper component=LIB
time="2022-02-11T07:54:30Z" level=info msg="set log level : info" category=OAPI component=LIB
time="2022-02-11T07:54:30Z" level=info msg="set report call : false" category=OAPI component=LIB
time="2022-02-11T07:54:30Z" level=info msg="config version [1.0.2]" category=CFG component=AMF
time="2022-02-11T07:54:30Z" level=info msg="Server started" category=Init component=AMF
time="2022-02-11T07:54:30Z" level=info msg="amfconfig Info: Version[1.0.2] Description[AMF initial local configuration]" category=Util component=AMF
time="2022-02-11T07:54:30Z" level=info msg="Listen on 127.0.0.1:38412" category=NGAP component=AMF
time="2022-02-11T07:54:50Z" level=info msg="NRF version:  \n\tfree5GC version: v3.0.6\n\tbuild time:      2022-02-11T07:46:51Z\n\tcommit hash:     e74af1f5\n\tcommit time:     2021-08-27T07:54:21Z\n\tgo version:      go1.14.4 linux/amd64" category=App component=NRF
time="2022-02-11T07:54:50Z" level=info msg="NRF Log level is set to [info] level" category=Init component=NRF
time="2022-02-11T07:54:50Z" level=info msg="set log level : info" category=OAPI component=LIB
time="2022-02-11T07:54:50Z" level=info msg="set report call : false" category=OAPI component=LIB
time="2022-02-11T07:54:50Z" level=info msg="set log level : info" category=MonDB component=LIB
time="2022-02-11T07:54:50Z" level=info msg="set report call : false" category=MonDB component=LIB
time="2022-02-11T07:54:50Z" level=info msg="config version [1.0.0]" category=CFG component=NRF
time="2022-02-11T07:54:50Z" level=info msg="Server started" category=Init component=NRF
time="2022-02-11T07:54:50Z" level=info msg="nrfconfig Info: Version[1.0.0] Description[NRF initial local configuration]" category=Init component=NRF
time="2022-02-11T07:54:50Z" level=info msg="Binding addr: [127.0.0.10:8000]" category=Init component=NRF
time="2022-02-11T07:54:57Z" level=info msg=amf category=App component=AMF
time="2022-02-11T07:54:57Z" level=info msg="AMF version:  \n\tfree5GC version: v3.0.6\n\tbuild time:      2022-02-11T07:46:41Z\n\tcommit hash:     b3e99f97\n\tcommit time:     2021-09-24T09:44:32Z\n\tgo version:      go1.14.4 linux/amd64" category=App component=AMF
time="2022-02-11T07:54:57Z" level=info msg="AMF Log level is set to [info] level" category=Init component=AMF
time="2022-02-11T07:54:57Z" level=info msg="set log level : info" category=NAS component=LIB
time="2022-02-11T07:54:57Z" level=info msg="set report call : false" category=NAS component=LIB
time="2022-02-11T07:54:57Z" level=info msg="set log level : info" category=NGAP component=LIB
time="2022-02-11T07:54:57Z" level=info msg="set report call : false" category=NGAP component=LIB
time="2022-02-11T07:54:57Z" level=info msg="set log level : info" category=FSM component=LIB
time="2022-02-11T07:54:57Z" level=info msg="set report call : false" category=FSM component=LIB
time="2022-02-11T07:54:57Z" level=info msg="set log level : info" category=Aper component=LIB
time="2022-02-11T07:54:57Z" level=info msg="set report call : false" category=Aper component=LIB
time="2022-02-11T07:54:57Z" level=info msg="set log level : info" category=OAPI component=LIB
time="2022-02-11T07:54:57Z" level=info msg="set report call : false" category=OAPI component=LIB
time="2022-02-11T07:54:57Z" level=info msg="config version [1.0.2]" category=CFG component=AMF
time="2022-02-11T07:54:57Z" level=info msg="Server started" category=Init component=AMF
time="2022-02-11T07:54:57Z" level=info msg="amfconfig Info: Version[1.0.2] Description[AMF initial local configuration]" category=Util component=AMF
time="2022-02-11T07:54:57Z" level=info msg="Listen on 127.0.0.1:38412" category=NGAP component=AMF
time="2022-02-11T07:54:57Z" level=info msg="Handle NFRegisterRequest" category=MGMT component=NRF
time="2022-02-11T07:54:57Z" level=info msg="urilist update" category=MGMT component=NRF
time="2022-02-11T07:54:57Z" level=info msg="Create NF Profile" category=MGMT component=NRF
time="2022-02-11T07:54:57Z" level=info msg="Location header:  http://127.0.0.10:8000/nnrf-nfm/v1/nf-instances/bd148c0f-0cbe-49a7-8f3b-6dc04853f121" category=MGMT component=NRF
time="2022-02-11T07:54:57Z" level=info msg="| 201 |       127.0.0.1 | PUT     | /nnrf-nfm/v1/nf-instances/bd148c0f-0cbe-49a7-8f3b-6dc04853f121 | " category=GIN component=NRF
time="2022-02-11T07:55:11Z" level=info msg="Handle NFRegisterRequest" category=MGMT component=NRF
time="2022-02-11T07:55:11Z" level=info msg="urilist update" category=MGMT component=NRF
time="2022-02-11T07:55:11Z" level=info msg="Create NF Profile" category=MGMT component=NRF
time="2022-02-11T07:55:11Z" level=info msg="Location header:  http://127.0.0.10:8000/nnrf-nfm/v1/nf-instances/da49313d-bc19-43f0-9c42-1899b434d137" category=MGMT component=NRF
time="2022-02-11T07:55:11Z" level=info msg="| 201 |       127.0.0.1 | PUT     | /nnrf-nfm/v1/nf-instances/da49313d-bc19-43f0-9c42-1899b434d137 | " category=GIN component=NRF
time="2022-02-11T07:55:32Z" level=info msg="Handle NFDeregisterRequest" category=MGMT component=NRF
time="2022-02-11T07:55:33Z" level=info msg="| 204 |       127.0.0.1 | DELETE  | /nnrf-nfm/v1/nf-instances/da49313d-bc19-43f0-9c42-1899b434d137 | " category=GIN component=NRF
time="2022-02-11T07:55:36Z" level=info msg="Terminating AMF..." category=Init component=AMF
time="2022-02-11T07:55:36Z" level=info msg="[AMF] Send Deregister NFInstance" category=Consumer component=AMF
time="2022-02-11T07:55:36Z" level=info msg="Handle NFDeregisterRequest" category=MGMT component=NRF
time="2022-02-11T07:55:37Z" level=info msg="| 204 |       127.0.0.1 | DELETE  | /nnrf-nfm/v1/nf-instances/bd148c0f-0cbe-49a7-8f3b-6dc04853f121 | " category=GIN component=NRF
time="2022-02-11T07:55:37Z" level=info msg="[AMF] Deregister from NRF successfully" category=Init component=AMF
time="2022-02-11T07:55:37Z" level=info msg="Send AMF Status Indication to Notify RANs due to AMF terminating" category=Init component=AMF
time="2022-02-11T07:55:37Z" level=info msg="Close SCTP server..." category=NGAP component=AMF
time="2022-02-11T07:55:37Z" level=info msg="SCTP server closed" category=NGAP component=AMF
time="2022-02-11T07:55:37Z" level=info msg="AMF terminated" category=Init component=AMF
time="2022-02-11T07:55:45Z" level=info msg="Terminating NRF..." category=Init component=NRF
time="2022-02-11T07:55:45Z" level=info msg="NRF terminated" category=Init component=NRF
time="2022-02-11T08:09:33Z" level=info msg="NRF version:  \n\tfree5GC version: v3.0.6\n\tbuild time:      2022-02-11T07:46:51Z\n\tcommit hash:     e74af1f5\n\tcommit time:     2021-08-27T07:54:21Z\n\tgo version:      go1.14.4 linux/amd64" category=App component=NRF
time="2022-02-11T08:09:33Z" level=info msg="NRF Log level is set to [info] level" category=Init component=NRF
time="2022-02-11T08:09:33Z" level=info msg="set log level : info" category=OAPI component=LIB
time="2022-02-11T08:09:33Z" level=info msg="set report call : false" category=OAPI component=LIB
time="2022-02-11T08:09:33Z" level=info msg="set log level : info" category=MonDB component=LIB
time="2022-02-11T08:09:33Z" level=info msg="set report call : false" category=MonDB component=LIB
time="2022-02-11T08:09:33Z" level=info msg="config version [1.0.0]" category=CFG component=NRF
time="2022-02-11T08:09:33Z" level=info msg="Server started" category=Init component=NRF
time="2022-02-11T08:09:33Z" level=info msg="nrfconfig Info: Version[1.0.0] Description[NRF initial local configuration]" category=Init component=NRF
time="2022-02-11T08:09:33Z" level=info msg="Binding addr: [127.0.0.10:8000]" category=Init component=NRF
time="2022-02-11T08:09:36Z" level=info msg=amf category=App component=AMF
time="2022-02-11T08:09:36Z" level=info msg="AMF version:  \n\tfree5GC version: v3.0.6\n\tbuild time:      2022-02-11T07:46:41Z\n\tcommit hash:     b3e99f97\n\tcommit time:     2021-09-24T09:44:32Z\n\tgo version:      go1.14.4 linux/amd64" category=App component=AMF
time="2022-02-11T08:09:36Z" level=info msg="AMF Log level is set to [info] level" category=Init component=AMF
time="2022-02-11T08:09:36Z" level=info msg="set log level : info" category=NAS component=LIB
time="2022-02-11T08:09:36Z" level=info msg="set report call : false" category=NAS component=LIB
time="2022-02-11T08:09:36Z" level=info msg="set log level : info" category=NGAP component=LIB
time="2022-02-11T08:09:36Z" level=info msg="set report call : false" category=NGAP component=LIB
time="2022-02-11T08:09:36Z" level=info msg="set log level : info" category=FSM component=LIB
time="2022-02-11T08:09:36Z" level=info msg="set report call : false" category=FSM component=LIB
time="2022-02-11T08:09:36Z" level=info msg="set log level : info" category=Aper component=LIB
time="2022-02-11T08:09:36Z" level=info msg="set report call : false" category=Aper component=LIB
time="2022-02-11T08:09:36Z" level=info msg="set log level : info" category=OAPI component=LIB
time="2022-02-11T08:09:36Z" level=info msg="set report call : false" category=OAPI component=LIB
time="2022-02-11T08:09:36Z" level=info msg="config version [1.0.2]" category=CFG component=AMF
time="2022-02-11T08:09:36Z" level=info msg="Server started" category=Init component=AMF
time="2022-02-11T08:09:36Z" level=info msg="amfconfig Info: Version[1.0.2] Description[AMF initial local configuration]" category=Util component=AMF
time="2022-02-11T08:09:36Z" level=info msg="Listen on 127.0.0.1:38412" category=NGAP component=AMF
time="2022-02-11T08:09:36Z" level=info msg="Handle NFRegisterRequest" category=MGMT component=NRF
time="2022-02-11T08:09:36Z" level=info msg="urilist update" category=MGMT component=NRF
time="2022-02-11T08:09:36Z" level=info msg="Create NF Profile" category=MGMT component=NRF
time="2022-02-11T08:09:36Z" level=info msg="Location header:  http://127.0.0.10:8000/nnrf-nfm/v1/nf-instances/49979f83-639c-4daa-ae63-d11e32df7dd7" category=MGMT component=NRF
time="2022-02-11T08:09:36Z" level=info msg="| 201 |       127.0.0.1 | PUT     | /nnrf-nfm/v1/nf-instances/49979f83-639c-4daa-ae63-d11e32df7dd7 | " category=GIN component=NRF
time="2022-02-11T08:09:47Z" level=info msg="Handle NFRegisterRequest" category=MGMT component=NRF
time="2022-02-11T08:09:47Z" level=info msg="urilist update" category=MGMT component=NRF
time="2022-02-11T08:09:47Z" level=info msg="Create NF Profile" category=MGMT component=NRF
time="2022-02-11T08:09:47Z" level=info msg="Location header:  http://127.0.0.10:8000/nnrf-nfm/v1/nf-instances/2e801c84-7f73-41d1-8b50-4af45ddff2b6" category=MGMT component=NRF
time="2022-02-11T08:09:47Z" level=info msg="| 201 |       127.0.0.1 | PUT     | /nnrf-nfm/v1/nf-instances/2e801c84-7f73-41d1-8b50-4af45ddff2b6 | " category=GIN component=NRF
time="2022-02-11T08:09:50Z" level=info msg="Handle NFDeregisterRequest" category=MGMT component=NRF
time="2022-02-11T08:09:51Z" level=info msg="| 204 |       127.0.0.1 | DELETE  | /nnrf-nfm/v1/nf-instances/2e801c84-7f73-41d1-8b50-4af45ddff2b6 | " category=GIN component=NRF
time="2022-02-11T08:10:38Z" level=info msg="Handle NFRegisterRequest" category=MGMT component=NRF
time="2022-02-11T08:10:38Z" level=info msg="urilist update" category=MGMT component=NRF
time="2022-02-11T08:10:38Z" level=info msg="Create NF Profile" category=MGMT component=NRF
time="2022-02-11T08:10:38Z" level=info msg="Location header:  http://127.0.0.10:8000/nnrf-nfm/v1/nf-instances/bf00d47c-fc63-4344-8694-14005f3ae2cd" category=MGMT component=NRF
time="2022-02-11T08:10:38Z" level=info msg="| 201 |       127.0.0.1 | PUT     | /nnrf-nfm/v1/nf-instances/bf00d47c-fc63-4344-8694-14005f3ae2cd | " category=GIN component=NRF
time="2022-02-11T08:10:51Z" level=info msg="Handle NFDeregisterRequest" category=MGMT component=NRF
time="2022-02-11T08:10:52Z" level=info msg="| 204 |       127.0.0.1 | DELETE  | /nnrf-nfm/v1/nf-instances/bf00d47c-fc63-4344-8694-14005f3ae2cd | " category=GIN component=NRF
time="2022-02-11T08:10:53Z" level=info msg="Terminating AMF..." category=Init component=AMF
time="2022-02-11T08:10:53Z" level=info msg="[AMF] Send Deregister NFInstance" category=Consumer component=AMF
time="2022-02-11T08:10:53Z" level=info msg="Handle NFDeregisterRequest" category=MGMT component=NRF
time="2022-02-11T08:10:54Z" level=info msg="| 204 |       127.0.0.1 | DELETE  | /nnrf-nfm/v1/nf-instances/49979f83-639c-4daa-ae63-d11e32df7dd7 | " category=GIN component=NRF
time="2022-02-11T08:10:54Z" level=info msg="[AMF] Deregister from NRF successfully" category=Init component=AMF
time="2022-02-11T08:10:54Z" level=info msg="Send AMF Status Indication to Notify RANs due to AMF terminating" category=Init component=AMF
time="2022-02-11T08:10:54Z" level=info msg="Close SCTP server..." category=NGAP component=AMF
time="2022-02-11T08:10:54Z" level=info msg="SCTP server closed" category=NGAP component=AMF
time="2022-02-11T08:10:54Z" level=info msg="AMF terminated" category=Init component=AMF
time="2022-02-11T08:10:58Z" level=info msg="Terminating NRF..." category=Init component=NRF
time="2022-02-11T08:10:58Z" level=info msg="NRF terminated" category=Init component=NRF
time="2022-03-16T07:13:44Z" level=info msg=lb category=App component=LB
time="2022-03-16T07:13:44Z" level=info msg="LB version:  \n\tNot specify ldflags (which link version) during go build\n\tgo version: go1.14.4 linux/amd64" category=App component=LB
time="2022-03-16T07:13:44Z" level=info msg="config version [1.0.0]" category=CFG component=LB
time="2022-03-16T07:13:44Z" level=info msg="Server started" category=Init component=LB
time="2022-03-16T07:32:02Z" level=info msg=lb category=App component=LB
time="2022-03-16T07:32:02Z" level=info msg="LB version:  \n\tNot specify ldflags (which link version) during go build\n\tgo version: go1.14.4 linux/amd64" category=App component=LB
time="2022-03-16T07:32:02Z" level=info msg="config version [1.0.0]" category=CFG component=LB
time="2022-03-16T07:32:02Z" level=info msg="Server started" category=Init component=LB
time="2022-03-16T07:32:02Z" level=error msg="failed to dial: connection refused" category=NGAP component=LB
time="2022-03-16T08:24:23Z" level=info msg=lb category=App component=LB
time="2022-03-16T08:24:23Z" level=info msg="LB version:  \n\tNot specify ldflags (which link version) during go build\n\tgo version: go1.14.4 linux/amd64" category=App component=LB
time="2022-03-16T08:24:23Z" level=info msg="config version [1.0.0]" category=CFG component=LB
time="2022-03-16T08:24:23Z" level=info msg="Server started" category=Init component=LB
time="2022-03-16T08:24:23Z" level=error msg="failed to dial: connection refused" category=NGAP component=LB
time="2022-03-16T08:24:23Z" level=info msg="Listen on 127.0.0.21:38415" category=NGAP component=LB
time="2022-03-20T07:37:55Z" level=info msg=lb category=App component=LB
time="2022-03-20T07:37:55Z" level=info msg="LB version:  \n\tNot specify ldflags (which link version) during go build\n\tgo version: go1.14.4 linux/amd64" category=App component=LB
time="2022-03-20T07:37:55Z" level=info msg="config version [1.0.0]" category=CFG component=LB
time="2022-03-20T07:37:55Z" level=info msg="Server started" category=Init component=LB
time="2022-03-20T07:37:55Z" level=error msg="failed to dial: connection refused" category=NGAP component=LB
time="2022-03-20T07:39:50Z" level=info msg=lb category=App component=LB
time="2022-03-20T07:39:50Z" level=info msg="LB version:  \n\tNot specify ldflags (which link version) during go build\n\tgo version: go1.14.4 linux/amd64" category=App component=LB
time="2022-03-20T07:39:50Z" level=info msg="config version [1.0.0]" category=CFG component=LB
time="2022-03-20T07:39:50Z" level=info msg="Server started" category=Init component=LB
time="2022-03-20T07:39:50Z" level=error msg="failed to dial 175: connection refused" category=NGAP component=LB
time="2022-03-20T07:42:36Z" level=info msg=lb category=App component=LB
time="2022-03-20T07:42:36Z" level=info msg="LB version:  \n\tNot specify ldflags (which link version) during go build\n\tgo version: go1.14.4 linux/amd64" category=App component=LB
time="2022-03-20T07:42:36Z" level=info msg="config version [1.0.0]" category=CFG component=LB
time="2022-03-20T07:42:36Z" level=info msg="Server started" category=Init component=LB
time="2022-03-20T07:42:36Z" level=error msg="failed to dial 175: connection refused" category=NGAP component=LB
time="2022-03-20T07:42:36Z" level=warning msg="Initialize HTTP server: create pre-master-secret log [free5gc/ausfsslkey.log] fail: open free5gc/ausfsslkey.log: no such file or directory" category=Init component=LB
time="2022-03-20T07:45:28Z" level=info msg=lb category=App component=LB
time="2022-03-20T07:45:28Z" level=info msg="LB version:  \n\tNot specify ldflags (which link version) during go build\n\tgo version: go1.14.4 linux/amd64" category=App component=LB
time="2022-03-20T07:45:28Z" level=info msg="config version [1.0.0]" category=CFG component=LB
time="2022-03-20T07:45:28Z" level=info msg="Server started" category=Init component=LB
time="2022-03-20T07:45:28Z" level=error msg="failed to dial 175: connection refused" category=NGAP component=LB
time="2022-03-20T07:45:28Z" level=info msg="Listen on 127.0.0.21:38415" category=NGAP component=LB
time="2022-03-20T07:45:51Z" level=info msg=lb category=App component=LB
time="2022-03-20T07:45:51Z" level=info msg="LB version:  \n\tNot specify ldflags (which link version) during go build\n\tgo version: go1.14.4 linux/amd64" category=App component=LB
time="2022-03-20T07:45:51Z" level=info msg="config version [1.0.0]" category=CFG component=LB
time="2022-03-20T07:45:51Z" level=info msg="Server started" category=Init component=LB
time="2022-03-20T07:45:51Z" level=error msg="failed to dial 175: connection refused" category=NGAP component=LB
time="2022-03-20T07:45:51Z" level=warning msg="Initialize HTTP server: create pre-master-secret log [free5gc/ausfsslkey.log] fail: open free5gc/ausfsslkey.log: no such file or directory" category=Init component=LB
time="2022-03-20T07:45:51Z" level=info msg="Listen on 127.0.0.21:38415" category=NGAP component=LB
time="2022-03-20T07:52:22Z" level=info msg=lb category=App component=LB
time="2022-03-20T07:52:22Z" level=info msg="LB version:  \n\tNot specify ldflags (which link version) during go build\n\tgo version: go1.14.4 linux/amd64" category=App component=LB
time="2022-03-20T07:52:22Z" level=info msg="config version [1.0.0]" category=CFG component=LB
time="2022-03-20T07:52:22Z" level=info msg="Server started" category=Init component=LB
time="2022-03-20T07:52:22Z" level=info msg=DialToAmf category=Init component=LB
time="2022-03-20T07:52:22Z" level=error msg="failed to dial 175: connection refused" category=NGAP component=LB
time="2022-03-20T07:52:22Z" level=info msg=Run category=Init component=LB
time="2022-03-20T07:54:07Z" level=info msg=lb category=App component=LB
time="2022-03-20T07:54:07Z" level=info msg="LB version:  \n\tNot specify ldflags (which link version) during go build\n\tgo version: go1.14.4 linux/amd64" category=App component=LB
time="2022-03-20T07:54:07Z" level=info msg="config version [1.0.0]" category=CFG component=LB
time="2022-03-20T07:54:07Z" level=info msg="Server started" category=Init component=LB
time="2022-03-20T07:54:07Z" level=info msg=DialToAmf category=Init component=LB
time="2022-03-20T07:54:07Z" level=info msg=Run category=Init component=LB
time="2022-03-20T07:54:07Z" level=info msg="71 Listen on 127.0.0.21:38415" category=NGAP component=LB
time="2022-03-20T07:54:07Z" level=warning msg="Initialize HTTP server: create pre-master-secret log [free5gc/ausfsslkey.log] fail: open free5gc/ausfsslkey.log: no such file or directory" category=Init component=LB
time="2022-03-20T07:54:13Z" level=info msg="Terminating LB..." category=Init component=LB
time="2022-03-20T07:54:13Z" level=info msg="Close SCTP server..." category=NGAP component=LB
time="2022-03-20T07:54:13Z" level=info msg="SCTP server closed" category=NGAP component=LB
time="2022-03-20T07:54:13Z" level=info msg="LB terminated" category=Init component=LB
time="2022-03-20T08:00:53Z" level=info msg=lb category=App component=LB
time="2022-03-20T08:00:53Z" level=info msg="LB version:  \n\tNot specify ldflags (which link version) during go build\n\tgo version: go1.14.4 linux/amd64" category=App component=LB
time="2022-03-20T08:00:53Z" level=info msg="config version [1.0.0]" category=CFG component=LB
time="2022-03-20T08:00:53Z" level=info msg="Server started" category=Init component=LB
time="2022-03-20T08:00:53Z" level=info msg=DialToAmf category=Init component=LB
time="2022-03-20T08:00:53Z" level=info msg=Run category=Init component=LB
time="2022-03-20T08:00:53Z" level=warning msg="Initialize HTTP server: create pre-master-secret log [free5gc/ausfsslkey.log] fail: open free5gc/ausfsslkey.log: no such file or directory" category=Init component=LB
time="2022-03-20T08:00:53Z" level=info msg="71 Listen on 127.0.0.21:38415" category=NGAP component=LB
time="2022-03-20T08:00:58Z" level=info msg="Terminating LB..." category=Init component=LB
time="2022-03-20T08:00:58Z" level=info msg="Close SCTP server..." category=NGAP component=LB
time="2022-03-20T08:00:58Z" level=info msg="SCTP server closed" category=NGAP component=LB
time="2022-03-20T08:00:58Z" level=info msg="LB terminated" category=Init component=LB
time="2022-03-20T08:04:02Z" level=info msg=lb category=App component=LB
time="2022-03-20T08:04:02Z" level=info msg="LB version:  \n\tNot specify ldflags (which link version) during go build\n\tgo version: go1.14.4 linux/amd64" category=App component=LB
time="2022-03-20T08:04:02Z" level=info msg="config version [1.0.0]" category=CFG component=LB
time="2022-03-20T08:04:02Z" level=info msg="Server started" category=Init component=LB
time="2022-03-20T08:04:02Z" level=info msg=DialToAmf category=Init component=LB
time="2022-03-20T08:04:02Z" level=error msg="failed to dial 175: connection refused" category=NGAP component=LB
time="2022-03-20T08:04:02Z" level=info msg=Run category=Init component=LB
time="2022-03-20T08:04:02Z" level=info msg="71 Listen on 127.0.0.21:38415" category=NGAP component=LB
time="2022-03-20T08:04:02Z" level=warning msg="Initialize HTTP server: create pre-master-secret log [free5gc/ausfsslkey.log] fail: open free5gc/ausfsslkey.log: no such file or directory" category=Init component=LB
time="2022-03-20T08:04:09Z" level=info msg="Terminating LB..." category=Init component=LB
time="2022-03-20T08:04:09Z" level=info msg="Close SCTP server..." category=NGAP component=LB
time="2022-03-20T08:04:09Z" level=error msg="bad file descriptor" category=NGAP component=LB
time="2022-03-20T08:04:09Z" level=info msg="SCTP server closed" category=NGAP component=LB
time="2022-03-20T08:04:09Z" level=info msg="LB terminated" category=Init component=LB
time="2022-03-20T09:00:32Z" level=info msg=lb category=App component=LB
time="2022-03-20T09:00:32Z" level=info msg="LB version:  \n\tNot specify ldflags (which link version) during go build\n\tgo version: go1.14.4 linux/amd64" category=App component=LB
time="2022-03-20T09:00:32Z" level=info msg="config version [1.0.0]" category=CFG component=LB
time="2022-03-20T09:00:32Z" level=info msg="Server started" category=Init component=LB
time="2022-03-20T09:00:32Z" level=info msg=DialToAmf category=Init component=LB
time="2022-03-20T09:00:32Z" level=error msg="failed to dial 175: connection refused" category=NGAP component=LB
time="2022-03-20T09:00:32Z" level=info msg=Run category=Init component=LB
time="2022-03-20T09:00:32Z" level=info msg="71 Listen on 127.0.0.21:38415" category=NGAP component=LB
time="2022-03-20T09:00:32Z" level=warning msg="Initialize HTTP server: create pre-master-secret log [free5gc/lbsslkey.log] fail: open free5gc/lbsslkey.log: no such file or directory" category=Init component=LB
time="2022-03-20T09:00:47Z" level=info msg="Terminating LB..." category=Init component=LB
time="2022-03-20T09:00:47Z" level=info msg="Close SCTP server..." category=NGAP component=LB
time="2022-03-20T09:00:47Z" level=error msg="bad file descriptor" category=NGAP component=LB
time="2022-03-20T09:00:47Z" level=info msg="SCTP server closed" category=NGAP component=LB
time="2022-03-20T09:00:47Z" level=info msg="LB terminated" category=Init component=LB
time="2022-03-20T09:02:07Z" level=info msg=lb category=App component=LB
time="2022-03-20T09:02:07Z" level=info msg="LB version:  \n\tNot specify ldflags (which link version) during go build\n\tgo version: go1.14.4 linux/amd64" category=App component=LB
time="2022-03-20T09:02:07Z" level=info msg="config version [1.0.0]" category=CFG component=LB
time="2022-03-20T09:02:07Z" level=info msg="Server started" category=Init component=LB
time="2022-03-20T09:02:07Z" level=info msg=DialToAmf category=Init component=LB
time="2022-03-20T09:02:07Z" level=error msg="failed to dial 175: connection refused" category=NGAP component=LB
time="2022-03-20T09:02:07Z" level=info msg=Run category=Init component=LB
time="2022-03-20T09:02:07Z" level=info msg="71 Listen on 127.0.0.21:38415" category=NGAP component=LB
time="2022-03-20T09:02:07Z" level=warning msg="Initialize HTTP server: create pre-master-secret log [free5gc/log/lbsslkey.log] fail: open free5gc/log/lbsslkey.log: no such file or directory" category=Init component=LB
time="2022-03-20T09:02:08Z" level=info msg="Terminating LB..." category=Init component=LB
time="2022-03-20T09:02:08Z" level=info msg="Close SCTP server..." category=NGAP component=LB
time="2022-03-20T09:02:08Z" level=error msg="bad file descriptor" category=NGAP component=LB
time="2022-03-20T09:02:08Z" level=info msg="SCTP server closed" category=NGAP component=LB
time="2022-03-20T09:02:08Z" level=info msg="LB terminated" category=Init component=LB
time="2022-03-20T09:08:49Z" level=info msg=lb category=App component=LB
time="2022-03-20T09:08:49Z" level=info msg="LB version:  \n\tNot specify ldflags (which link version) during go build\n\tgo version: go1.14.4 linux/amd64" category=App component=LB
time="2022-03-20T09:08:49Z" level=info msg="config version [1.0.0]" category=CFG component=LB
time="2022-03-20T09:08:49Z" level=info msg="Server started" category=Init component=LB
time="2022-03-20T09:08:49Z" level=info msg=DialToAmf category=Init component=LB
time="2022-03-20T09:08:49Z" level=error msg="failed to dial 175: connection refused" category=NGAP component=LB
time="2022-03-20T09:08:49Z" level=info msg=Run category=Init component=LB
time="2022-03-20T09:08:49Z" level=warning msg="Initialize HTTP server: create pre-master-secret log [free5gc/log/lbsslkey.log] fail: open free5gc/log/lbsslkey.log: no such file or directory" category=Init component=LB
time="2022-03-20T09:08:49Z" level=info msg="71 Listen on 127.0.0.21:38415" category=NGAP component=LB
time="2022-03-20T09:08:50Z" level=info msg="Terminating LB..." category=Init component=LB
time="2022-03-20T09:08:50Z" level=info msg="Close SCTP server..." category=NGAP component=LB
time="2022-03-20T09:08:50Z" level=info msg="SCTP server closed" category=NGAP component=LB
time="2022-03-20T09:08:50Z" level=info msg="LB terminated" category=Init component=LB
time="2022-03-20T09:09:32Z" level=info msg=lb category=App component=LB
time="2022-03-20T09:09:32Z" level=info msg="LB version:  \n\tNot specify ldflags (which link version) during go build\n\tgo version: go1.14.4 linux/amd64" category=App component=LB
time="2022-03-20T09:09:32Z" level=info msg="config version [1.0.0]" category=CFG component=LB
time="2022-03-20T09:09:32Z" level=info msg="Server started" category=Init component=LB
time="2022-03-20T09:09:32Z" level=info msg=DialToAmf category=Init component=LB
time="2022-03-20T09:09:32Z" level=error msg="failed to dial 175: connection refused" category=NGAP component=LB
time="2022-03-20T09:09:32Z" level=info msg=Run category=Init component=LB
time="2022-03-20T09:09:32Z" level=warning msg="Initialize HTTP server: create pre-master-secret log [free5gc/log/nf/lbsslkey.log] fail: open free5gc/log/nf/lbsslkey.log: no such file or directory" category=Init component=LB
time="2022-03-20T09:09:32Z" level=info msg="71 Listen on 127.0.0.21:38415" category=NGAP component=LB
time="2022-03-20T09:09:34Z" level=info msg="Terminating LB..." category=Init component=LB
time="2022-03-20T09:09:34Z" level=info msg="Close SCTP server..." category=NGAP component=LB
time="2022-03-20T09:09:34Z" level=info msg="SCTP server closed" category=NGAP component=LB
time="2022-03-20T09:09:34Z" level=info msg="LB terminated" category=Init component=LB
time="2022-03-20T09:10:08Z" level=info msg=lb category=App component=LB
time="2022-03-20T09:10:08Z" level=info msg="LB version:  \n\tNot specify ldflags (which link version) during go build\n\tgo version: go1.14.4 linux/amd64" category=App component=LB
time="2022-03-20T09:10:08Z" level=info msg="config version [1.0.0]" category=CFG component=LB
time="2022-03-20T09:10:08Z" level=info msg="Server started" category=Init component=LB
time="2022-03-20T09:10:08Z" level=info msg=DialToAmf category=Init component=LB
time="2022-03-20T09:10:08Z" level=error msg="failed to dial 175: connection refused" category=NGAP component=LB
time="2022-03-20T09:10:08Z" level=info msg=Run category=Init component=LB
time="2022-03-20T09:10:08Z" level=info msg="71 Listen on 127.0.0.21:38415" category=NGAP component=LB
time="2022-03-20T09:10:08Z" level=warning msg="Initialize HTTP server: create pre-master-secret log [free5gc/log/nf/LB.log] fail: open free5gc/log/nf/LB.log: no such file or directory" category=Init component=LB
time="2022-03-20T09:10:10Z" level=info msg="Terminating LB..." category=Init component=LB
time="2022-03-20T09:10:10Z" level=info msg="Close SCTP server..." category=NGAP component=LB
time="2022-03-20T09:10:10Z" level=info msg="SCTP server closed" category=NGAP component=LB
time="2022-03-20T09:10:10Z" level=info msg="LB terminated" category=Init component=LB
time="2022-03-20T09:13:40Z" level=info msg=lb category=App component=LB
time="2022-03-20T09:13:40Z" level=info msg="LB version:  \n\tNot specify ldflags (which link version) during go build\n\tgo version: go1.14.4 linux/amd64" category=App component=LB
time="2022-03-20T09:13:40Z" level=info msg="config version [1.0.0]" category=CFG component=LB
time="2022-03-20T09:13:40Z" level=info msg="Server started" category=Init component=LB
time="2022-03-20T09:13:40Z" level=info msg=DialToAmf category=Init component=LB
time="2022-03-20T09:13:40Z" level=error msg="failed to dial 175: connection refused" category=NGAP component=LB
time="2022-03-20T09:13:40Z" level=info msg=Run category=Init component=LB
time="2022-03-20T09:13:40Z" level=info msg="71 Listen on 127.0.0.21:38415" category=NGAP component=LB
time="2022-03-20T09:13:43Z" level=info msg="Terminating LB..." category=Init component=LB
time="2022-03-20T09:13:43Z" level=info msg="Close SCTP server..." category=NGAP component=LB
time="2022-03-20T09:13:43Z" level=info msg="SCTP server closed" category=NGAP component=LB
time="2022-03-20T09:13:43Z" level=info msg="LB terminated" category=Init component=LB
time="2022-03-20T09:33:55Z" level=info msg=amf category=App component=AMF
time="2022-03-20T09:33:55Z" level=info msg="AMF version:  \n\tNot specify ldflags (which link version) during go build\n\tgo version: go1.14.4 linux/amd64" category=App component=AMF
time="2022-03-20T09:33:55Z" level=info msg="AMF Log level is set to [info] level" category=Init component=AMF
time="2022-03-20T09:33:55Z" level=info msg="set log level : info" category=NAS component=LIB
time="2022-03-20T09:33:55Z" level=info msg="set report call : false" category=NAS component=LIB
time="2022-03-20T09:33:55Z" level=info msg="set log level : info" category=NGAP component=LIB
time="2022-03-20T09:33:55Z" level=info msg="set report call : false" category=NGAP component=LIB
time="2022-03-20T09:33:55Z" level=info msg="set log level : info" category=FSM component=LIB
time="2022-03-20T09:33:55Z" level=info msg="set report call : false" category=FSM component=LIB
time="2022-03-20T09:33:55Z" level=info msg="set log level : info" category=Aper component=LIB
time="2022-03-20T09:33:55Z" level=info msg="set report call : false" category=Aper component=LIB
time="2022-03-20T09:33:55Z" level=info msg="set log level : info" category=OAPI component=LIB
time="2022-03-20T09:33:55Z" level=info msg="set report call : false" category=OAPI component=LIB
time="2022-03-20T09:33:55Z" level=info msg="config version [1.0.2]" category=CFG component=AMF
time="2022-03-20T09:33:55Z" level=info msg="Server started" category=Init component=AMF
time="2022-03-20T09:33:55Z" level=info msg="amfconfig Info: Version[1.0.2] Description[AMF initial local configuration]" category=Util component=AMF
time="2022-03-20T09:33:55Z" level=info msg="Listen on 127.0.0.1:38412" category=NGAP component=AMF
time="2022-03-20T09:34:04Z" level=info msg="NRF version:  \n\tNot specify ldflags (which link version) during go build\n\tgo version: go1.14.4 linux/amd64" category=App component=NRF
time="2022-03-20T09:34:04Z" level=info msg="NRF Log level is set to [info] level" category=Init component=NRF
time="2022-03-20T09:34:04Z" level=info msg="set log level : info" category=OAPI component=LIB
time="2022-03-20T09:34:04Z" level=info msg="set report call : false" category=OAPI component=LIB
time="2022-03-20T09:34:04Z" level=info msg="set log level : info" category=MonDB component=LIB
time="2022-03-20T09:34:04Z" level=info msg="set report call : false" category=MonDB component=LIB
time="2022-03-20T09:34:04Z" level=info msg="config version [1.0.0]" category=CFG component=NRF
time="2022-03-20T09:34:04Z" level=info msg="Server started" category=Init component=NRF
time="2022-03-20T09:34:04Z" level=info msg="nrfconfig Info: Version[1.0.0] Description[NRF initial local configuration]" category=Init component=NRF
time="2022-03-20T09:34:04Z" level=info msg="Binding addr: [127.0.0.10:8000]" category=Init component=NRF
time="2022-03-20T09:34:24Z" level=info msg=amf category=App component=AMF
time="2022-03-20T09:34:24Z" level=info msg="AMF version:  \n\tNot specify ldflags (which link version) during go build\n\tgo version: go1.14.4 linux/amd64" category=App component=AMF
time="2022-03-20T09:34:24Z" level=info msg="AMF Log level is set to [info] level" category=Init component=AMF
time="2022-03-20T09:34:24Z" level=info msg="set log level : info" category=NAS component=LIB
time="2022-03-20T09:34:24Z" level=info msg="set report call : false" category=NAS component=LIB
time="2022-03-20T09:34:24Z" level=info msg="set log level : info" category=NGAP component=LIB
time="2022-03-20T09:34:24Z" level=info msg="set report call : false" category=NGAP component=LIB
time="2022-03-20T09:34:24Z" level=info msg="set log level : info" category=FSM component=LIB
time="2022-03-20T09:34:24Z" level=info msg="set report call : false" category=FSM component=LIB
time="2022-03-20T09:34:24Z" level=info msg="set log level : info" category=Aper component=LIB
time="2022-03-20T09:34:24Z" level=info msg="set report call : false" category=Aper component=LIB
time="2022-03-20T09:34:24Z" level=info msg="set log level : info" category=OAPI component=LIB
time="2022-03-20T09:34:24Z" level=info msg="set report call : false" category=OAPI component=LIB
time="2022-03-20T09:34:24Z" level=info msg="config version [1.0.2]" category=CFG component=AMF
time="2022-03-20T09:34:24Z" level=info msg="Server started" category=Init component=AMF
time="2022-03-20T09:34:24Z" level=info msg="amfconfig Info: Version[1.0.2] Description[AMF initial local configuration]" category=Util component=AMF
time="2022-03-20T09:34:24Z" level=info msg="Listen on 127.0.0.1:38412" category=NGAP component=AMF
time="2022-03-20T09:34:24Z" level=info msg="Handle NFRegisterRequest" category=MGMT component=NRF
time="2022-03-20T09:34:24Z" level=info msg="urilist update" category=MGMT component=NRF
time="2022-03-20T09:34:24Z" level=info msg="Create NF Profile" category=MGMT component=NRF
time="2022-03-20T09:34:24Z" level=info msg="Location header:  http://127.0.0.10:8000/nnrf-nfm/v1/nf-instances/bd91f28e-d8cd-49dc-9868-d9e1cf30414c" category=MGMT component=NRF
time="2022-03-20T09:34:24Z" level=info msg="| 201 |       127.0.0.1 | PUT     | /nnrf-nfm/v1/nf-instances/bd91f28e-d8cd-49dc-9868-d9e1cf30414c | " category=GIN component=NRF
time="2022-03-20T09:34:55Z" level=info msg=lb category=App component=LB
time="2022-03-20T09:34:55Z" level=info msg="LB version:  \n\tNot specify ldflags (which link version) during go build\n\tgo version: go1.14.4 linux/amd64" category=App component=LB
time="2022-03-20T09:34:55Z" level=info msg="config version [1.0.0]" category=CFG component=LB
time="2022-03-20T09:34:55Z" level=info msg="Server started" category=Init component=LB
time="2022-03-20T09:34:55Z" level=info msg=DialToAmf category=Init component=LB
time="2022-03-20T09:34:55Z" level=error msg="failed to dial 175: connection refused" category=NGAP component=LB
time="2022-03-20T09:34:55Z" level=info msg=Run category=Init component=LB
time="2022-03-20T09:34:55Z" level=info msg="71 Listen on 127.0.0.21:38415" category=NGAP component=LB
time="2022-03-20T09:35:19Z" level=info msg="Terminating LB..." category=Init component=LB
time="2022-03-20T09:35:19Z" level=info msg="Close SCTP server..." category=NGAP component=LB
time="2022-03-20T09:35:19Z" level=info msg="SCTP server closed" category=NGAP component=LB
time="2022-03-20T09:35:19Z" level=info msg="LB terminated" category=Init component=LB
time="2022-03-20T09:35:22Z" level=info msg="Terminating AMF..." category=Init component=AMF
time="2022-03-20T09:35:22Z" level=info msg="[AMF] Send Deregister NFInstance" category=Consumer component=AMF
time="2022-03-20T09:35:22Z" level=info msg="Handle NFDeregisterRequest" category=MGMT component=NRF
time="2022-03-20T09:35:23Z" level=info msg="| 204 |       127.0.0.1 | DELETE  | /nnrf-nfm/v1/nf-instances/bd91f28e-d8cd-49dc-9868-d9e1cf30414c | " category=GIN component=NRF
time="2022-03-20T09:35:23Z" level=info msg="[AMF] Deregister from NRF successfully" category=Init component=AMF
time="2022-03-20T09:35:23Z" level=info msg="Send AMF Status Indication to Notify RANs due to AMF terminating" category=Init component=AMF
time="2022-03-20T09:35:23Z" level=info msg="Close SCTP server..." category=NGAP component=AMF
time="2022-03-20T09:35:23Z" level=info msg="SCTP server closed" category=NGAP component=AMF
time="2022-03-20T09:35:23Z" level=info msg="AMF terminated" category=Init component=AMF
time="2022-03-20T09:35:26Z" level=info msg="Terminating NRF..." category=Init component=NRF
time="2022-03-20T09:35:26Z" level=info msg="NRF terminated" category=Init component=NRF
time="2022-03-20T09:47:24Z" level=info msg="NRF version:  \n\tNot specify ldflags (which link version) during go build\n\tgo version: go1.14.4 linux/amd64" category=App component=NRF
time="2022-03-20T09:47:24Z" level=info msg="NRF Log level is set to [info] level" category=Init component=NRF
time="2022-03-20T09:47:24Z" level=info msg="set log level : info" category=OAPI component=LIB
time="2022-03-20T09:47:24Z" level=info msg="set report call : false" category=OAPI component=LIB
time="2022-03-20T09:47:24Z" level=info msg="set log level : info" category=MonDB component=LIB
time="2022-03-20T09:47:24Z" level=info msg="set report call : false" category=MonDB component=LIB
time="2022-03-20T09:47:24Z" level=info msg="config version [1.0.0]" category=CFG component=NRF
time="2022-03-20T09:47:24Z" level=info msg="Server started" category=Init component=NRF
time="2022-03-20T09:47:24Z" level=info msg="nrfconfig Info: Version[1.0.0] Description[NRF initial local configuration]" category=Init component=NRF
time="2022-03-20T09:47:24Z" level=info msg="Binding addr: [127.0.0.10:8000]" category=Init component=NRF
time="2022-03-20T09:47:27Z" level=info msg=amf category=App component=AMF
time="2022-03-20T09:47:27Z" level=info msg="AMF version:  \n\tNot specify ldflags (which link version) during go build\n\tgo version: go1.14.4 linux/amd64" category=App component=AMF
time="2022-03-20T09:47:27Z" level=info msg="AMF Log level is set to [info] level" category=Init component=AMF
time="2022-03-20T09:47:27Z" level=info msg="set log level : info" category=NAS component=LIB
time="2022-03-20T09:47:27Z" level=info msg="set report call : false" category=NAS component=LIB
time="2022-03-20T09:47:27Z" level=info msg="set log level : info" category=NGAP component=LIB
time="2022-03-20T09:47:27Z" level=info msg="set report call : false" category=NGAP component=LIB
time="2022-03-20T09:47:27Z" level=info msg="set log level : info" category=FSM component=LIB
time="2022-03-20T09:47:27Z" level=info msg="set report call : false" category=FSM component=LIB
time="2022-03-20T09:47:27Z" level=info msg="set log level : info" category=Aper component=LIB
time="2022-03-20T09:47:27Z" level=info msg="set report call : false" category=Aper component=LIB
time="2022-03-20T09:47:27Z" level=info msg="set log level : info" category=OAPI component=LIB
time="2022-03-20T09:47:27Z" level=info msg="set report call : false" category=OAPI component=LIB
time="2022-03-20T09:47:27Z" level=info msg="config version [1.0.2]" category=CFG component=AMF
time="2022-03-20T09:47:27Z" level=info msg="Server started" category=Init component=AMF
time="2022-03-20T09:47:27Z" level=info msg="amfconfig Info: Version[1.0.2] Description[AMF initial local configuration]" category=Util component=AMF
time="2022-03-20T09:47:27Z" level=info msg="Listen on 127.0.0.1:38412" category=NGAP component=AMF
time="2022-03-20T09:47:27Z" level=info msg="Handle NFRegisterRequest" category=MGMT component=NRF
time="2022-03-20T09:47:27Z" level=info msg="urilist update" category=MGMT component=NRF
time="2022-03-20T09:47:27Z" level=info msg="Create NF Profile" category=MGMT component=NRF
time="2022-03-20T09:47:27Z" level=info msg="Location header:  http://127.0.0.10:8000/nnrf-nfm/v1/nf-instances/5de40355-91c5-45ee-ada9-9211f4ed7446" category=MGMT component=NRF
time="2022-03-20T09:47:27Z" level=info msg="| 201 |       127.0.0.1 | PUT     | /nnrf-nfm/v1/nf-instances/5de40355-91c5-45ee-ada9-9211f4ed7446 | " category=GIN component=NRF
time="2022-03-20T09:47:34Z" level=info msg=lb category=App component=LB
time="2022-03-20T09:47:34Z" level=info msg="LB version:  \n\tNot specify ldflags (which link version) during go build\n\tgo version: go1.14.4 linux/amd64" category=App component=LB
time="2022-03-20T09:47:34Z" level=info msg="config version [1.0.0]" category=CFG component=LB
time="2022-03-20T09:47:34Z" level=info msg="Server started" category=Init component=LB
time="2022-03-20T09:47:34Z" level=info msg=DialToAmf category=Init component=LB
time="2022-03-20T09:47:34Z" level=info msg="raw addr: [2 0 150 12 127 0 0 18 0 0 0 0 0 0 0 0]\n" category=NGAP component=LB
time="2022-03-20T09:47:34Z" level=error msg="failed to dial 175: connection refused" category=NGAP component=LB
time="2022-03-20T09:47:50Z" level=info msg="Terminating AMF..." category=Init component=AMF
time="2022-03-20T09:47:50Z" level=info msg="[AMF] Send Deregister NFInstance" category=Consumer component=AMF
time="2022-03-20T09:47:50Z" level=info msg="Handle NFDeregisterRequest" category=MGMT component=NRF
time="2022-03-20T09:47:51Z" level=info msg="| 204 |       127.0.0.1 | DELETE  | /nnrf-nfm/v1/nf-instances/5de40355-91c5-45ee-ada9-9211f4ed7446 | " category=GIN component=NRF
time="2022-03-20T09:47:51Z" level=info msg="[AMF] Deregister from NRF successfully" category=Init component=AMF
time="2022-03-20T09:47:51Z" level=info msg="Send AMF Status Indication to Notify RANs due to AMF terminating" category=Init component=AMF
time="2022-03-20T09:47:51Z" level=info msg="Close SCTP server..." category=NGAP component=AMF
time="2022-03-20T09:47:51Z" level=info msg="SCTP server closed" category=NGAP component=AMF
time="2022-03-20T09:47:51Z" level=info msg="AMF terminated" category=Init component=AMF
time="2022-03-20T09:47:55Z" level=info msg="Terminating NRF..." category=Init component=NRF
time="2022-03-20T09:47:55Z" level=info msg="NRF terminated" category=Init component=NRF
time="2022-03-20T09:48:12Z" level=info msg=lb category=App component=LB
time="2022-03-20T09:48:12Z" level=info msg="LB version:  \n\tNot specify ldflags (which link version) during go build\n\tgo version: go1.14.4 linux/amd64" category=App component=LB
time="2022-03-20T09:48:12Z" level=info msg="config version [1.0.0]" category=CFG component=LB
time="2022-03-20T09:48:12Z" level=info msg="Server started" category=Init component=LB
time="2022-03-20T09:48:12Z" level=info msg=DialToAmf category=Init component=LB
time="2022-03-20T09:48:12Z" level=info msg="raw addr: [2 0 150 12 127 0 0 18 0 0 0 0 0 0 0 0]\n" category=NGAP component=LB
time="2022-03-20T09:48:12Z" level=error msg="failed to dial 175: connection refused" category=NGAP component=LB
time="2022-03-20T09:49:25Z" level=info msg=lb category=App component=LB
time="2022-03-20T09:49:25Z" level=info msg="LB version:  \n\tNot specify ldflags (which link version) during go build\n\tgo version: go1.14.4 linux/amd64" category=App component=LB
time="2022-03-20T09:49:25Z" level=info msg="config version [1.0.0]" category=CFG component=LB
time="2022-03-20T09:49:25Z" level=info msg="Server started" category=Init component=LB
time="2022-03-20T09:49:25Z" level=info msg=DialToAmf category=Init component=LB
time="2022-03-20T09:49:25Z" level=info msg="raw addr: [2 0 150 12 127 0 0 18 0 0 0 0 0 0 0 0]\n" category=NGAP component=LB
time="2022-03-20T09:49:25Z" level=error msg="failed to dial 175: connection refused" category=NGAP component=LB
time="2022-03-20T09:49:25Z" level=info msg=Run category=Init component=LB
time="2022-03-20T09:49:25Z" level=info msg="71 Listen on 127.0.0.21:38415" category=NGAP component=LB
time="2022-03-20T09:49:27Z" level=info msg="Terminating LB..." category=Init component=LB
time="2022-03-20T09:49:27Z" level=info msg="Close SCTP server..." category=NGAP component=LB
time="2022-03-20T09:49:27Z" level=info msg="SCTP server closed" category=NGAP component=LB
time="2022-03-20T09:49:27Z" level=info msg="LB terminated" category=Init component=LB
time="2022-03-20T09:55:52Z" level=info msg="NRF version:  \n\tNot specify ldflags (which link version) during go build\n\tgo version: go1.14.4 linux/amd64" category=App component=NRF
time="2022-03-20T09:55:52Z" level=info msg="NRF Log level is set to [info] level" category=Init component=NRF
time="2022-03-20T09:55:52Z" level=info msg="set log level : info" category=OAPI component=LIB
time="2022-03-20T09:55:52Z" level=info msg="set report call : false" category=OAPI component=LIB
time="2022-03-20T09:55:52Z" level=info msg="set log level : info" category=MonDB component=LIB
time="2022-03-20T09:55:52Z" level=info msg="set report call : false" category=MonDB component=LIB
time="2022-03-20T09:55:52Z" level=info msg="config version [1.0.0]" category=CFG component=NRF
time="2022-03-20T09:55:52Z" level=info msg="Server started" category=Init component=NRF
time="2022-03-20T09:55:52Z" level=info msg="nrfconfig Info: Version[1.0.0] Description[NRF initial local configuration]" category=Init component=NRF
time="2022-03-20T09:55:52Z" level=info msg="Binding addr: [127.0.0.10:8000]" category=Init component=NRF
time="2022-03-20T09:55:54Z" level=info msg=amf category=App component=AMF
time="2022-03-20T09:55:54Z" level=info msg="AMF version:  \n\tNot specify ldflags (which link version) during go build\n\tgo version: go1.14.4 linux/amd64" category=App component=AMF
time="2022-03-20T09:55:54Z" level=info msg="AMF Log level is set to [info] level" category=Init component=AMF
time="2022-03-20T09:55:54Z" level=info msg="set log level : info" category=NAS component=LIB
time="2022-03-20T09:55:54Z" level=info msg="set report call : false" category=NAS component=LIB
time="2022-03-20T09:55:54Z" level=info msg="set log level : info" category=NGAP component=LIB
time="2022-03-20T09:55:54Z" level=info msg="set report call : false" category=NGAP component=LIB
time="2022-03-20T09:55:54Z" level=info msg="set log level : info" category=FSM component=LIB
time="2022-03-20T09:55:54Z" level=info msg="set report call : false" category=FSM component=LIB
time="2022-03-20T09:55:54Z" level=info msg="set log level : info" category=Aper component=LIB
time="2022-03-20T09:55:54Z" level=info msg="set report call : false" category=Aper component=LIB
time="2022-03-20T09:55:54Z" level=info msg="set log level : info" category=OAPI component=LIB
time="2022-03-20T09:55:54Z" level=info msg="set report call : false" category=OAPI component=LIB
time="2022-03-20T09:55:54Z" level=info msg="config version [1.0.2]" category=CFG component=AMF
time="2022-03-20T09:55:54Z" level=info msg="Server started" category=Init component=AMF
time="2022-03-20T09:55:54Z" level=info msg="amfconfig Info: Version[1.0.2] Description[AMF initial local configuration]" category=Util component=AMF
time="2022-03-20T09:55:54Z" level=info msg="Listen on 127.0.0.1:38412" category=NGAP component=AMF
time="2022-03-20T09:55:54Z" level=info msg="Handle NFRegisterRequest" category=MGMT component=NRF
time="2022-03-20T09:55:54Z" level=info msg="urilist update" category=MGMT component=NRF
time="2022-03-20T09:55:54Z" level=info msg="Create NF Profile" category=MGMT component=NRF
time="2022-03-20T09:55:54Z" level=info msg="Location header:  http://127.0.0.10:8000/nnrf-nfm/v1/nf-instances/ff9de112-c270-4f5c-a727-974014e2eb77" category=MGMT component=NRF
time="2022-03-20T09:55:54Z" level=info msg="| 201 |       127.0.0.1 | PUT     | /nnrf-nfm/v1/nf-instances/ff9de112-c270-4f5c-a727-974014e2eb77 | " category=GIN component=NRF
time="2022-03-20T09:55:58Z" level=info msg=lb category=App component=LB
time="2022-03-20T09:55:58Z" level=info msg="LB version:  \n\tNot specify ldflags (which link version) during go build\n\tgo version: go1.14.4 linux/amd64" category=App component=LB
time="2022-03-20T09:55:58Z" level=info msg="config version [1.0.0]" category=CFG component=LB
time="2022-03-20T09:55:58Z" level=info msg="Server started" category=Init component=LB
time="2022-03-20T09:55:58Z" level=info msg=DialToAmf category=Init component=LB
time="2022-03-20T09:55:58Z" level=info msg="raw addr: [2 0 150 12 127 0 0 1 0 0 0 0 0 0 0 0]\n" category=NGAP component=LB
time="2022-03-20T09:55:58Z" level=info msg="Dail LocalAddr: 127.0.0.1/10.10.0.27/172.17.0.1/172.18.0.1:42321; RemoteAddr: 127.0.0.1:38412" category=NGAP component=LB
time="2022-03-20T09:55:58Z" level=info msg="[AMF] SCTP Accept from: 127.0.0.1/10.10.0.27/172.17.0.1/172.18.0.1:42321" category=NGAP component=AMF
time="2022-03-20T09:55:58Z" level=info msg=Run category=Init component=LB
time="2022-03-20T09:55:58Z" level=info msg="71 Listen on 127.0.0.21:38415" category=NGAP component=LB
time="2022-03-20T09:56:12Z" level=info msg="Terminating LB..." category=Init component=LB
time="2022-03-20T09:56:12Z" level=info msg="Close SCTP server..." category=NGAP component=LB
time="2022-03-20T09:56:12Z" level=info msg="Handle SCTP Notification[addr: <nil>]" category=NGAP component=AMF
time="2022-03-20T09:56:12Z" level=warning msg="RAN context has been removed[addr: <nil>]" category=NGAP component=AMF
time="2022-03-20T09:56:12Z" level=info msg="Handle SCTP Notification[addr: <nil>]" category=NGAP component=AMF
time="2022-03-20T09:56:12Z" level=warning msg="RAN context has been removed[addr: <nil>]" category=NGAP component=AMF
time="2022-03-20T09:56:12Z" level=info msg="SCTP server closed" category=NGAP component=LB
time="2022-03-20T09:56:12Z" level=info msg="LB terminated" category=Init component=LB
time="2022-03-20T09:56:16Z" level=info msg="Terminating AMF..." category=Init component=AMF
time="2022-03-20T09:56:16Z" level=info msg="[AMF] Send Deregister NFInstance" category=Consumer component=AMF
time="2022-03-20T09:56:16Z" level=info msg="Handle NFDeregisterRequest" category=MGMT component=NRF
time="2022-03-20T09:56:17Z" level=info msg="| 204 |       127.0.0.1 | DELETE  | /nnrf-nfm/v1/nf-instances/ff9de112-c270-4f5c-a727-974014e2eb77 | " category=GIN component=NRF
time="2022-03-20T09:56:17Z" level=info msg="[AMF] Deregister from NRF successfully" category=Init component=AMF
time="2022-03-20T09:56:17Z" level=info msg="Send AMF Status Indication to Notify RANs due to AMF terminating" category=Init component=AMF
time="2022-03-20T09:56:17Z" level=info msg="Close SCTP server..." category=NGAP component=AMF
time="2022-03-20T09:56:17Z" level=info msg="SCTP server closed" category=NGAP component=AMF
time="2022-03-20T09:56:17Z" level=info msg="AMF terminated" category=Init component=AMF
time="2022-03-20T09:56:21Z" level=info msg="Terminating NRF..." category=Init component=NRF
time="2022-03-20T09:56:21Z" level=info msg="NRF terminated" category=Init component=NRF
time="2022-03-22T07:42:32Z" level=info msg="NRF version:  \n\tNot specify ldflags (which link version) during go build\n\tgo version: go1.14.4 linux/amd64" category=App component=NRF
time="2022-03-22T07:42:32Z" level=info msg="NRF Log level is set to [info] level" category=Init component=NRF
time="2022-03-22T07:42:32Z" level=info msg="set log level : info" category=OAPI component=LIB
time="2022-03-22T07:42:32Z" level=info msg="set report call : false" category=OAPI component=LIB
time="2022-03-22T07:42:32Z" level=info msg="set log level : info" category=MonDB component=LIB
time="2022-03-22T07:42:32Z" level=info msg="set report call : false" category=MonDB component=LIB
time="2022-03-22T07:42:32Z" level=info msg="config version [1.0.0]" category=CFG component=NRF
time="2022-03-22T07:42:32Z" level=info msg="Server started" category=Init component=NRF
time="2022-03-22T07:42:32Z" level=info msg="nrfconfig Info: Version[1.0.0] Description[NRF initial local configuration]" category=Init component=NRF
time="2022-03-22T07:42:32Z" level=info msg="Binding addr: [127.0.0.10:8000]" category=Init component=NRF
time="2022-03-22T07:42:34Z" level=info msg=amf category=App component=AMF
time="2022-03-22T07:42:34Z" level=info msg="AMF version:  \n\tNot specify ldflags (which link version) during go build\n\tgo version: go1.14.4 linux/amd64" category=App component=AMF
time="2022-03-22T07:42:34Z" level=info msg="AMF Log level is set to [info] level" category=Init component=AMF
time="2022-03-22T07:42:34Z" level=info msg="set log level : info" category=NAS component=LIB
time="2022-03-22T07:42:34Z" level=info msg="set report call : false" category=NAS component=LIB
time="2022-03-22T07:42:34Z" level=info msg="set log level : info" category=NGAP component=LIB
time="2022-03-22T07:42:34Z" level=info msg="set report call : false" category=NGAP component=LIB
time="2022-03-22T07:42:34Z" level=info msg="set log level : info" category=FSM component=LIB
time="2022-03-22T07:42:34Z" level=info msg="set report call : false" category=FSM component=LIB
time="2022-03-22T07:42:34Z" level=info msg="set log level : info" category=Aper component=LIB
time="2022-03-22T07:42:34Z" level=info msg="set report call : false" category=Aper component=LIB
time="2022-03-22T07:42:34Z" level=info msg="set log level : info" category=OAPI component=LIB
time="2022-03-22T07:42:34Z" level=info msg="set report call : false" category=OAPI component=LIB
time="2022-03-22T07:42:34Z" level=info msg="config version [1.0.2]" category=CFG component=AMF
time="2022-03-22T07:42:34Z" level=info msg="Server started" category=Init component=AMF
time="2022-03-22T07:42:34Z" level=info msg="amfconfig Info: Version[1.0.2] Description[AMF initial local configuration]" category=Util component=AMF
time="2022-03-22T07:42:34Z" level=info msg="Listen on 127.0.0.18:38412" category=NGAP component=AMF
time="2022-03-22T07:42:34Z" level=info msg="Handle NFRegisterRequest" category=MGMT component=NRF
time="2022-03-22T07:42:34Z" level=info msg="urilist update" category=MGMT component=NRF
time="2022-03-22T07:42:34Z" level=info msg="Create NF Profile" category=MGMT component=NRF
time="2022-03-22T07:42:34Z" level=info msg="Location header:  http://127.0.0.10:8000/nnrf-nfm/v1/nf-instances/767e5518-5db1-4f8c-9b9b-7efe5ffb0635" category=MGMT component=NRF
time="2022-03-22T07:42:34Z" level=info msg="| 201 |       127.0.0.1 | PUT     | /nnrf-nfm/v1/nf-instances/767e5518-5db1-4f8c-9b9b-7efe5ffb0635 | " category=GIN component=NRF
time="2022-03-22T07:42:41Z" level=info msg=lb category=App component=LB
time="2022-03-22T07:42:41Z" level=info msg="LB version:  \n\tNot specify ldflags (which link version) during go build\n\tgo version: go1.14.4 linux/amd64" category=App component=LB
time="2022-03-22T07:42:41Z" level=info msg="config version [1.0.0]" category=CFG component=LB
time="2022-03-22T07:42:41Z" level=info msg="Server started" category=Init component=LB
time="2022-03-22T07:42:41Z" level=info msg=DialToAmf category=Init component=LB
time="2022-03-22T07:42:41Z" level=info msg="raw addr: [2 0 150 12 127 0 0 1 0 0 0 0 0 0 0 0]\n" category=NGAP component=LB
time="2022-03-22T07:42:41Z" level=error msg="failed to dial 177: connection refused" category=NGAP component=LB
time="2022-03-22T07:42:41Z" level=info msg=Run category=Init component=LB
time="2022-03-22T07:42:41Z" level=info msg="71 Listen on 127.0.0.21:38415" category=NGAP component=LB
time="2022-03-22T07:42:53Z" level=info msg="Terminating LB..." category=Init component=LB
time="2022-03-22T07:42:53Z" level=info msg="Close SCTP server..." category=NGAP component=LB
time="2022-03-22T07:42:53Z" level=info msg="SCTP server closed" category=NGAP component=LB
time="2022-03-22T07:42:53Z" level=info msg="LB terminated" category=Init component=LB
time="2022-03-22T07:42:55Z" level=info msg="Terminating AMF..." category=Init component=AMF
time="2022-03-22T07:42:55Z" level=info msg="[AMF] Send Deregister NFInstance" category=Consumer component=AMF
time="2022-03-22T07:42:55Z" level=info msg="Handle NFDeregisterRequest" category=MGMT component=NRF
time="2022-03-22T07:42:56Z" level=info msg="| 204 |       127.0.0.1 | DELETE  | /nnrf-nfm/v1/nf-instances/767e5518-5db1-4f8c-9b9b-7efe5ffb0635 | " category=GIN component=NRF
time="2022-03-22T07:42:56Z" level=info msg="[AMF] Deregister from NRF successfully" category=Init component=AMF
time="2022-03-22T07:42:56Z" level=info msg="Send AMF Status Indication to Notify RANs due to AMF terminating" category=Init component=AMF
time="2022-03-22T07:42:56Z" level=info msg="Close SCTP server..." category=NGAP component=AMF
time="2022-03-22T07:42:56Z" level=info msg="SCTP server closed" category=NGAP component=AMF
time="2022-03-22T07:42:56Z" level=info msg="AMF terminated" category=Init component=AMF
time="2022-03-22T07:43:00Z" level=info msg="Terminating NRF..." category=Init component=NRF
time="2022-03-22T07:43:00Z" level=info msg="NRF terminated" category=Init component=NRF
time="2022-03-22T07:43:44Z" level=info msg="NRF version:  \n\tNot specify ldflags (which link version) during go build\n\tgo version: go1.14.4 linux/amd64" category=App component=NRF
time="2022-03-22T07:43:44Z" level=info msg="NRF Log level is set to [info] level" category=Init component=NRF
time="2022-03-22T07:43:44Z" level=info msg="set log level : info" category=OAPI component=LIB
time="2022-03-22T07:43:44Z" level=info msg="set report call : false" category=OAPI component=LIB
time="2022-03-22T07:43:44Z" level=info msg="set log level : info" category=MonDB component=LIB
time="2022-03-22T07:43:44Z" level=info msg="set report call : false" category=MonDB component=LIB
time="2022-03-22T07:43:44Z" level=info msg="config version [1.0.0]" category=CFG component=NRF
time="2022-03-22T07:43:44Z" level=info msg="Server started" category=Init component=NRF
time="2022-03-22T07:43:44Z" level=info msg="nrfconfig Info: Version[1.0.0] Description[NRF initial local configuration]" category=Init component=NRF
time="2022-03-22T07:43:44Z" level=info msg="Binding addr: [127.0.0.10:8000]" category=Init component=NRF
time="2022-03-22T07:43:46Z" level=info msg=amf category=App component=AMF
time="2022-03-22T07:43:46Z" level=info msg="AMF version:  \n\tNot specify ldflags (which link version) during go build\n\tgo version: go1.14.4 linux/amd64" category=App component=AMF
time="2022-03-22T07:43:46Z" level=info msg="AMF Log level is set to [info] level" category=Init component=AMF
time="2022-03-22T07:43:46Z" level=info msg="set log level : info" category=NAS component=LIB
time="2022-03-22T07:43:46Z" level=info msg="set report call : false" category=NAS component=LIB
time="2022-03-22T07:43:46Z" level=info msg="set log level : info" category=NGAP component=LIB
time="2022-03-22T07:43:46Z" level=info msg="set report call : false" category=NGAP component=LIB
time="2022-03-22T07:43:46Z" level=info msg="set log level : info" category=FSM component=LIB
time="2022-03-22T07:43:46Z" level=info msg="set report call : false" category=FSM component=LIB
time="2022-03-22T07:43:46Z" level=info msg="set log level : info" category=Aper component=LIB
time="2022-03-22T07:43:46Z" level=info msg="set report call : false" category=Aper component=LIB
time="2022-03-22T07:43:46Z" level=info msg="set log level : info" category=OAPI component=LIB
time="2022-03-22T07:43:46Z" level=info msg="set report call : false" category=OAPI component=LIB
time="2022-03-22T07:43:46Z" level=info msg="config version [1.0.2]" category=CFG component=AMF
time="2022-03-22T07:43:46Z" level=info msg="Server started" category=Init component=AMF
time="2022-03-22T07:43:46Z" level=info msg="amfconfig Info: Version[1.0.2] Description[AMF initial local configuration]" category=Util component=AMF
time="2022-03-22T07:43:46Z" level=info msg="Listen on 127.0.0.18:38412" category=NGAP component=AMF
time="2022-03-22T07:43:46Z" level=info msg="Handle NFRegisterRequest" category=MGMT component=NRF
time="2022-03-22T07:43:46Z" level=info msg="urilist update" category=MGMT component=NRF
time="2022-03-22T07:43:46Z" level=info msg="Create NF Profile" category=MGMT component=NRF
time="2022-03-22T07:43:46Z" level=info msg="Location header:  http://127.0.0.10:8000/nnrf-nfm/v1/nf-instances/37844ae7-829b-418d-82b9-5b4d4a66a3fc" category=MGMT component=NRF
time="2022-03-22T07:43:46Z" level=info msg="| 201 |       127.0.0.1 | PUT     | /nnrf-nfm/v1/nf-instances/37844ae7-829b-418d-82b9-5b4d4a66a3fc | " category=GIN component=NRF
time="2022-03-22T07:43:50Z" level=info msg=lb category=App component=LB
time="2022-03-22T07:43:50Z" level=info msg="LB version:  \n\tNot specify ldflags (which link version) during go build\n\tgo version: go1.14.4 linux/amd64" category=App component=LB
time="2022-03-22T07:43:50Z" level=info msg="config version [1.0.0]" category=CFG component=LB
time="2022-03-22T07:43:50Z" level=info msg="Server started" category=Init component=LB
time="2022-03-22T07:43:50Z" level=info msg=DialToAmf category=Init component=LB
time="2022-03-22T07:43:50Z" level=info msg="raw addr: [2 0 150 12 127 0 0 18 0 0 0 0 0 0 0 0]\n" category=NGAP component=LB
time="2022-03-22T07:43:50Z" level=info msg="Dail LocalAddr: 127.0.0.1/10.10.0.27/172.17.0.1/172.18.0.1:38675; RemoteAddr: 127.0.0.18:38412" category=NGAP component=LB
time="2022-03-22T07:43:50Z" level=info msg="[AMF] SCTP Accept from: 127.0.0.1/10.10.0.27/172.17.0.1/172.18.0.1:38675" category=NGAP component=AMF
time="2022-03-22T07:43:50Z" level=info msg=Run category=Init component=LB
time="2022-03-22T07:43:50Z" level=info msg="71 Listen on 127.0.0.21:38415" category=NGAP component=LB
time="2022-03-22T07:44:40Z" level=info msg="Terminating LB..." category=Init component=LB
time="2022-03-22T07:44:40Z" level=info msg="Close SCTP server..." category=NGAP component=LB
time="2022-03-22T07:44:40Z" level=info msg="Handle SCTP Notification[addr: <nil>]" category=NGAP component=AMF
time="2022-03-22T07:44:40Z" level=warning msg="RAN context has been removed[addr: <nil>]" category=NGAP component=AMF
time="2022-03-22T07:44:40Z" level=info msg="Handle SCTP Notification[addr: <nil>]" category=NGAP component=AMF
time="2022-03-22T07:44:40Z" level=warning msg="RAN context has been removed[addr: <nil>]" category=NGAP component=AMF
time="2022-03-22T07:44:40Z" level=info msg="SCTP server closed" category=NGAP component=LB
time="2022-03-22T07:44:40Z" level=info msg="LB terminated" category=Init component=LB
time="2022-03-22T07:44:53Z" level=info msg="Terminating AMF..." category=Init component=AMF
time="2022-03-22T07:44:53Z" level=info msg="[AMF] Send Deregister NFInstance" category=Consumer component=AMF
time="2022-03-22T07:44:53Z" level=info msg="Handle NFDeregisterRequest" category=MGMT component=NRF
time="2022-03-22T07:44:54Z" level=info msg="| 204 |       127.0.0.1 | DELETE  | /nnrf-nfm/v1/nf-instances/37844ae7-829b-418d-82b9-5b4d4a66a3fc | " category=GIN component=NRF
time="2022-03-22T07:44:54Z" level=info msg="[AMF] Deregister from NRF successfully" category=Init component=AMF
time="2022-03-22T07:44:54Z" level=info msg="Send AMF Status Indication to Notify RANs due to AMF terminating" category=Init component=AMF
time="2022-03-22T07:44:54Z" level=info msg="Close SCTP server..." category=NGAP component=AMF
time="2022-03-22T07:44:54Z" level=info msg="SCTP server closed" category=NGAP component=AMF
time="2022-03-22T07:44:54Z" level=info msg="AMF terminated" category=Init component=AMF
time="2022-03-22T07:44:58Z" level=info msg="Terminating NRF..." category=Init component=NRF
time="2022-03-22T07:44:58Z" level=info msg="NRF terminated" category=Init component=NRF
time="2022-03-22T08:01:35Z" level=info msg="NRF version:  \n\tNot specify ldflags (which link version) during go build\n\tgo version: go1.14.4 linux/amd64" category=App component=NRF
time="2022-03-22T08:01:35Z" level=info msg="NRF Log level is set to [info] level" category=Init component=NRF
time="2022-03-22T08:01:35Z" level=info msg="set log level : info" category=OAPI component=LIB
time="2022-03-22T08:01:35Z" level=info msg="set report call : false" category=OAPI component=LIB
time="2022-03-22T08:01:35Z" level=info msg="set log level : info" category=MonDB component=LIB
time="2022-03-22T08:01:35Z" level=info msg="set report call : false" category=MonDB component=LIB
time="2022-03-22T08:01:35Z" level=info msg="config version [1.0.0]" category=CFG component=NRF
time="2022-03-22T08:01:35Z" level=info msg="Server started" category=Init component=NRF
time="2022-03-22T08:01:35Z" level=info msg="nrfconfig Info: Version[1.0.0] Description[NRF initial local configuration]" category=Init component=NRF
time="2022-03-22T08:01:35Z" level=info msg="Binding addr: [127.0.0.10:8000]" category=Init component=NRF
time="2022-03-22T08:01:54Z" level=info msg=amf category=App component=AMF
time="2022-03-22T08:01:54Z" level=info msg="AMF version:  \n\tNot specify ldflags (which link version) during go build\n\tgo version: go1.14.4 linux/amd64" category=App component=AMF
time="2022-03-22T08:01:54Z" level=info msg="AMF Log level is set to [info] level" category=Init component=AMF
time="2022-03-22T08:01:54Z" level=info msg="set log level : info" category=NAS component=LIB
time="2022-03-22T08:01:54Z" level=info msg="set report call : false" category=NAS component=LIB
time="2022-03-22T08:01:54Z" level=info msg="set log level : info" category=NGAP component=LIB
time="2022-03-22T08:01:54Z" level=info msg="set report call : false" category=NGAP component=LIB
time="2022-03-22T08:01:54Z" level=info msg="set log level : info" category=FSM component=LIB
time="2022-03-22T08:01:54Z" level=info msg="set report call : false" category=FSM component=LIB
time="2022-03-22T08:01:54Z" level=info msg="set log level : info" category=Aper component=LIB
time="2022-03-22T08:01:54Z" level=info msg="set report call : false" category=Aper component=LIB
time="2022-03-22T08:01:54Z" level=info msg="set log level : info" category=OAPI component=LIB
time="2022-03-22T08:01:54Z" level=info msg="set report call : false" category=OAPI component=LIB
time="2022-03-22T08:01:54Z" level=info msg="config version [1.0.2]" category=CFG component=AMF
time="2022-03-22T08:01:54Z" level=info msg="Server started" category=Init component=AMF
time="2022-03-22T08:01:54Z" level=info msg="amfconfig Info: Version[1.0.2] Description[AMF initial local configuration]" category=Util component=AMF
time="2022-03-22T08:01:54Z" level=info msg="Listen on 127.0.0.18:38412" category=NGAP component=AMF
time="2022-03-22T08:01:54Z" level=info msg="Handle NFRegisterRequest" category=MGMT component=NRF
time="2022-03-22T08:01:54Z" level=info msg="urilist update" category=MGMT component=NRF
time="2022-03-22T08:01:54Z" level=info msg="Create NF Profile" category=MGMT component=NRF
time="2022-03-22T08:01:54Z" level=info msg="Location header:  http://127.0.0.10:8000/nnrf-nfm/v1/nf-instances/339072be-bac0-4ad4-8047-653d1290b39c" category=MGMT component=NRF
time="2022-03-22T08:01:54Z" level=info msg="| 201 |       127.0.0.1 | PUT     | /nnrf-nfm/v1/nf-instances/339072be-bac0-4ad4-8047-653d1290b39c | " category=GIN component=NRF
time="2022-03-22T08:02:13Z" level=info msg=amf category=App component=AMF
time="2022-03-22T08:02:13Z" level=info msg="AMF version:  \n\tNot specify ldflags (which link version) during go build\n\tgo version: go1.14.4 linux/amd64" category=App component=AMF
time="2022-03-22T08:02:13Z" level=info msg="AMF Log level is set to [info] level" category=Init component=AMF
time="2022-03-22T08:02:13Z" level=info msg="set log level : info" category=NAS component=LIB
time="2022-03-22T08:02:13Z" level=info msg="set report call : false" category=NAS component=LIB
time="2022-03-22T08:02:13Z" level=info msg="set log level : info" category=NGAP component=LIB
time="2022-03-22T08:02:13Z" level=info msg="set report call : false" category=NGAP component=LIB
time="2022-03-22T08:02:13Z" level=info msg="set log level : info" category=FSM component=LIB
time="2022-03-22T08:02:13Z" level=info msg="set report call : false" category=FSM component=LIB
time="2022-03-22T08:02:13Z" level=info msg="set log level : info" category=Aper component=LIB
time="2022-03-22T08:02:13Z" level=info msg="set report call : false" category=Aper component=LIB
time="2022-03-22T08:02:13Z" level=info msg="set log level : info" category=OAPI component=LIB
time="2022-03-22T08:02:13Z" level=info msg="set report call : false" category=OAPI component=LIB
time="2022-03-22T08:02:13Z" level=info msg="config version [1.0.2]" category=CFG component=AMF
time="2022-03-22T08:02:13Z" level=info msg="Server started" category=Init component=AMF
time="2022-03-22T08:02:13Z" level=info msg="amfconfig Info: Version[1.0.2] Description[AMF initial local configuration]" category=Util component=AMF
time="2022-03-22T08:02:13Z" level=info msg="Listen on 127.0.0.19:38412" category=NGAP component=AMF
time="2022-03-22T08:02:13Z" level=info msg="Handle NFRegisterRequest" category=MGMT component=NRF
time="2022-03-22T08:02:13Z" level=info msg="urilist update" category=MGMT component=NRF
time="2022-03-22T08:02:13Z" level=info msg="Create NF Profile" category=MGMT component=NRF
time="2022-03-22T08:02:13Z" level=info msg="Location header:  http://127.0.0.10:8000/nnrf-nfm/v1/nf-instances/d831d68b-c2ac-4883-95e6-7be17dd25dfb" category=MGMT component=NRF
time="2022-03-22T08:02:13Z" level=info msg="| 201 |       127.0.0.1 | PUT     | /nnrf-nfm/v1/nf-instances/d831d68b-c2ac-4883-95e6-7be17dd25dfb | " category=GIN component=NRF
time="2022-03-22T08:02:32Z" level=info msg=amf category=App component=AMF
time="2022-03-22T08:02:32Z" level=info msg="AMF version:  \n\tNot specify ldflags (which link version) during go build\n\tgo version: go1.14.4 linux/amd64" category=App component=AMF
time="2022-03-22T08:02:32Z" level=info msg="AMF Log level is set to [info] level" category=Init component=AMF
time="2022-03-22T08:02:32Z" level=info msg="set log level : info" category=NAS component=LIB
time="2022-03-22T08:02:32Z" level=info msg="set report call : false" category=NAS component=LIB
time="2022-03-22T08:02:32Z" level=info msg="set log level : info" category=NGAP component=LIB
time="2022-03-22T08:02:32Z" level=info msg="set report call : false" category=NGAP component=LIB
time="2022-03-22T08:02:32Z" level=info msg="set log level : info" category=FSM component=LIB
time="2022-03-22T08:02:32Z" level=info msg="set report call : false" category=FSM component=LIB
time="2022-03-22T08:02:32Z" level=info msg="set log level : info" category=Aper component=LIB
time="2022-03-22T08:02:32Z" level=info msg="set report call : false" category=Aper component=LIB
time="2022-03-22T08:02:32Z" level=info msg="set log level : info" category=OAPI component=LIB
time="2022-03-22T08:02:32Z" level=info msg="set report call : false" category=OAPI component=LIB
time="2022-03-22T08:02:32Z" level=info msg="config version [1.0.2]" category=CFG component=AMF
time="2022-03-22T08:02:32Z" level=info msg="Server started" category=Init component=AMF
time="2022-03-22T08:02:32Z" level=info msg="amfconfig Info: Version[1.0.2] Description[AMF initial local configuration]" category=Util component=AMF
time="2022-03-22T08:02:32Z" level=info msg="Listen on 127.0.0.20:38412" category=NGAP component=AMF
time="2022-03-22T08:02:32Z" level=info msg="Handle NFRegisterRequest" category=MGMT component=NRF
time="2022-03-22T08:02:32Z" level=info msg="urilist update" category=MGMT component=NRF
time="2022-03-22T08:02:32Z" level=info msg="Create NF Profile" category=MGMT component=NRF
time="2022-03-22T08:02:32Z" level=info msg="Location header:  http://127.0.0.10:8000/nnrf-nfm/v1/nf-instances/b72b2c63-1c29-4016-8d9f-ec7e2f20e9f3" category=MGMT component=NRF
time="2022-03-22T08:02:32Z" level=info msg="| 201 |       127.0.0.1 | PUT     | /nnrf-nfm/v1/nf-instances/b72b2c63-1c29-4016-8d9f-ec7e2f20e9f3 | " category=GIN component=NRF
time="2022-03-22T08:02:41Z" level=info msg=lb category=App component=LB
time="2022-03-22T08:02:41Z" level=info msg="LB version:  \n\tNot specify ldflags (which link version) during go build\n\tgo version: go1.14.4 linux/amd64" category=App component=LB
time="2022-03-22T08:02:41Z" level=info msg="config version [1.0.0]" category=CFG component=LB
time="2022-03-22T08:02:41Z" level=info msg="Server started" category=Init component=LB
time="2022-03-22T08:02:41Z" level=info msg=DialToAmf category=Init component=LB
time="2022-03-22T08:02:41Z" level=info msg="raw addr: [2 0 150 12 127 0 0 18 0 0 0 0 0 0 0 0 2 0 150 12 127 0 0 19 0 0 0 0 0 0 0 0 2 0 150 12 127 0 0 20 0 0 0 0 0 0 0 0]\n" category=NGAP component=LB
time="2022-03-22T08:02:41Z" level=info msg="Dail LocalAddr: 127.0.0.1/10.10.0.27/172.17.0.1/172.18.0.1:34725; RemoteAddr: 127.0.0.18:38412" category=NGAP component=LB
time="2022-03-22T08:02:41Z" level=info msg="[AMF] SCTP Accept from: 127.0.0.1/10.10.0.27/172.17.0.1/172.18.0.1:34725" category=NGAP component=AMF
time="2022-03-22T08:02:41Z" level=info msg=Run category=Init component=LB
time="2022-03-22T08:02:41Z" level=info msg="71 Listen on 127.0.0.21:38415" category=NGAP component=LB
time="2022-03-22T08:02:57Z" level=info msg="Terminating LB..." category=Init component=LB
time="2022-03-22T08:02:57Z" level=info msg="Close SCTP server..." category=NGAP component=LB
time="2022-03-22T08:02:57Z" level=info msg="SCTP server closed" category=NGAP component=LB
time="2022-03-22T08:02:57Z" level=info msg="LB terminated" category=Init component=LB
time="2022-03-22T08:02:57Z" level=info msg="Handle SCTP Notification[addr: <nil>]" category=NGAP component=AMF
time="2022-03-22T08:02:57Z" level=warning msg="RAN context has been removed[addr: <nil>]" category=NGAP component=AMF
time="2022-03-22T08:02:57Z" level=info msg="Handle SCTP Notification[addr: <nil>]" category=NGAP component=AMF
time="2022-03-22T08:02:57Z" level=warning msg="RAN context has been removed[addr: <nil>]" category=NGAP component=AMF
time="2022-03-22T08:03:01Z" level=info msg="Terminating AMF..." category=Init component=AMF
time="2022-03-22T08:03:01Z" level=info msg="[AMF] Send Deregister NFInstance" category=Consumer component=AMF
time="2022-03-22T08:03:01Z" level=info msg="Handle NFDeregisterRequest" category=MGMT component=NRF
time="2022-03-22T08:03:02Z" level=info msg="| 204 |       127.0.0.1 | DELETE  | /nnrf-nfm/v1/nf-instances/339072be-bac0-4ad4-8047-653d1290b39c | " category=GIN component=NRF
time="2022-03-22T08:03:02Z" level=info msg="[AMF] Deregister from NRF successfully" category=Init component=AMF
time="2022-03-22T08:03:02Z" level=info msg="Send AMF Status Indication to Notify RANs due to AMF terminating" category=Init component=AMF
time="2022-03-22T08:03:02Z" level=info msg="Close SCTP server..." category=NGAP component=AMF
time="2022-03-22T08:03:02Z" level=info msg="SCTP server closed" category=NGAP component=AMF
time="2022-03-22T08:03:02Z" level=info msg="AMF terminated" category=Init component=AMF
time="2022-03-22T08:03:04Z" level=info msg="Terminating AMF..." category=Init component=AMF
time="2022-03-22T08:03:04Z" level=info msg="[AMF] Send Deregister NFInstance" category=Consumer component=AMF
time="2022-03-22T08:03:04Z" level=info msg="Handle NFDeregisterRequest" category=MGMT component=NRF
time="2022-03-22T08:03:05Z" level=info msg="| 204 |       127.0.0.1 | DELETE  | /nnrf-nfm/v1/nf-instances/d831d68b-c2ac-4883-95e6-7be17dd25dfb | " category=GIN component=NRF
time="2022-03-22T08:03:05Z" level=info msg="[AMF] Deregister from NRF successfully" category=Init component=AMF
time="2022-03-22T08:03:05Z" level=info msg="Send AMF Status Indication to Notify RANs due to AMF terminating" category=Init component=AMF
time="2022-03-22T08:03:05Z" level=info msg="Close SCTP server..." category=NGAP component=AMF
time="2022-03-22T08:03:05Z" level=info msg="SCTP server closed" category=NGAP component=AMF
time="2022-03-22T08:03:05Z" level=info msg="AMF terminated" category=Init component=AMF
time="2022-03-22T08:03:06Z" level=info msg="Terminating AMF..." category=Init component=AMF
time="2022-03-22T08:03:06Z" level=info msg="[AMF] Send Deregister NFInstance" category=Consumer component=AMF
time="2022-03-22T08:03:06Z" level=info msg="Handle NFDeregisterRequest" category=MGMT component=NRF
time="2022-03-22T08:03:07Z" level=info msg="| 204 |       127.0.0.1 | DELETE  | /nnrf-nfm/v1/nf-instances/b72b2c63-1c29-4016-8d9f-ec7e2f20e9f3 | " category=GIN component=NRF
time="2022-03-22T08:03:07Z" level=info msg="[AMF] Deregister from NRF successfully" category=Init component=AMF
time="2022-03-22T08:03:07Z" level=info msg="Send AMF Status Indication to Notify RANs due to AMF terminating" category=Init component=AMF
time="2022-03-22T08:03:07Z" level=info msg="Close SCTP server..." category=NGAP component=AMF
time="2022-03-22T08:03:07Z" level=info msg="SCTP server closed" category=NGAP component=AMF
time="2022-03-22T08:03:07Z" level=info msg="AMF terminated" category=Init component=AMF
time="2022-03-22T08:03:11Z" level=info msg="Terminating NRF..." category=Init component=NRF
time="2022-03-22T08:03:11Z" level=info msg="NRF terminated" category=Init component=NRF
time="2022-03-22T08:07:48Z" level=info msg="NRF version:  \n\tNot specify ldflags (which link version) during go build\n\tgo version: go1.14.4 linux/amd64" category=App component=NRF
time="2022-03-22T08:07:48Z" level=info msg="NRF Log level is set to [info] level" category=Init component=NRF
time="2022-03-22T08:07:48Z" level=info msg="set log level : info" category=OAPI component=LIB
time="2022-03-22T08:07:48Z" level=info msg="set report call : false" category=OAPI component=LIB
time="2022-03-22T08:07:48Z" level=info msg="set log level : info" category=MonDB component=LIB
time="2022-03-22T08:07:48Z" level=info msg="set report call : false" category=MonDB component=LIB
time="2022-03-22T08:07:48Z" level=info msg="config version [1.0.0]" category=CFG component=NRF
time="2022-03-22T08:07:48Z" level=info msg="Server started" category=Init component=NRF
time="2022-03-22T08:07:48Z" level=info msg="nrfconfig Info: Version[1.0.0] Description[NRF initial local configuration]" category=Init component=NRF
time="2022-03-22T08:07:48Z" level=info msg="Binding addr: [127.0.0.10:8000]" category=Init component=NRF
time="2022-03-22T08:07:51Z" level=info msg=amf category=App component=AMF
time="2022-03-22T08:07:51Z" level=info msg="AMF version:  \n\tNot specify ldflags (which link version) during go build\n\tgo version: go1.14.4 linux/amd64" category=App component=AMF
time="2022-03-22T08:07:51Z" level=info msg="AMF Log level is set to [info] level" category=Init component=AMF
time="2022-03-22T08:07:51Z" level=info msg="set log level : info" category=NAS component=LIB
time="2022-03-22T08:07:51Z" level=info msg="set report call : false" category=NAS component=LIB
time="2022-03-22T08:07:51Z" level=info msg="set log level : info" category=NGAP component=LIB
time="2022-03-22T08:07:51Z" level=info msg="set report call : false" category=NGAP component=LIB
time="2022-03-22T08:07:51Z" level=info msg="set log level : info" category=FSM component=LIB
time="2022-03-22T08:07:51Z" level=info msg="set report call : false" category=FSM component=LIB
time="2022-03-22T08:07:51Z" level=info msg="set log level : info" category=Aper component=LIB
time="2022-03-22T08:07:51Z" level=info msg="set report call : false" category=Aper component=LIB
time="2022-03-22T08:07:51Z" level=info msg="set log level : info" category=OAPI component=LIB
time="2022-03-22T08:07:51Z" level=info msg="set report call : false" category=OAPI component=LIB
time="2022-03-22T08:07:51Z" level=info msg="config version [1.0.2]" category=CFG component=AMF
time="2022-03-22T08:07:51Z" level=info msg="Server started" category=Init component=AMF
time="2022-03-22T08:07:51Z" level=info msg="amfconfig Info: Version[1.0.2] Description[AMF initial local configuration]" category=Util component=AMF
time="2022-03-22T08:07:51Z" level=info msg="Listen on 127.0.0.18:38412" category=NGAP component=AMF
time="2022-03-22T08:07:51Z" level=info msg="Handle NFRegisterRequest" category=MGMT component=NRF
time="2022-03-22T08:07:51Z" level=info msg="urilist update" category=MGMT component=NRF
time="2022-03-22T08:07:51Z" level=info msg="Create NF Profile" category=MGMT component=NRF
time="2022-03-22T08:07:51Z" level=info msg="Location header:  http://127.0.0.10:8000/nnrf-nfm/v1/nf-instances/9a341e86-b048-48c8-a422-a43264336732" category=MGMT component=NRF
time="2022-03-22T08:07:51Z" level=info msg="| 201 |       127.0.0.1 | PUT     | /nnrf-nfm/v1/nf-instances/9a341e86-b048-48c8-a422-a43264336732 | " category=GIN component=NRF
time="2022-03-22T08:07:54Z" level=info msg=amf category=App component=AMF
time="2022-03-22T08:07:54Z" level=info msg="AMF version:  \n\tNot specify ldflags (which link version) during go build\n\tgo version: go1.14.4 linux/amd64" category=App component=AMF
time="2022-03-22T08:07:54Z" level=info msg="AMF Log level is set to [info] level" category=Init component=AMF
time="2022-03-22T08:07:54Z" level=info msg="set log level : info" category=NAS component=LIB
time="2022-03-22T08:07:54Z" level=info msg="set report call : false" category=NAS component=LIB
time="2022-03-22T08:07:54Z" level=info msg="set log level : info" category=NGAP component=LIB
time="2022-03-22T08:07:54Z" level=info msg="set report call : false" category=NGAP component=LIB
time="2022-03-22T08:07:54Z" level=info msg="set log level : info" category=FSM component=LIB
time="2022-03-22T08:07:54Z" level=info msg="set report call : false" category=FSM component=LIB
time="2022-03-22T08:07:54Z" level=info msg="set log level : info" category=Aper component=LIB
time="2022-03-22T08:07:54Z" level=info msg="set report call : false" category=Aper component=LIB
time="2022-03-22T08:07:54Z" level=info msg="set log level : info" category=OAPI component=LIB
time="2022-03-22T08:07:54Z" level=info msg="set report call : false" category=OAPI component=LIB
time="2022-03-22T08:07:54Z" level=info msg="config version [1.0.2]" category=CFG component=AMF
time="2022-03-22T08:07:54Z" level=info msg="Server started" category=Init component=AMF
time="2022-03-22T08:07:54Z" level=info msg="amfconfig Info: Version[1.0.2] Description[AMF initial local configuration]" category=Util component=AMF
time="2022-03-22T08:07:54Z" level=info msg="Listen on 127.0.0.19:38412" category=NGAP component=AMF
time="2022-03-22T08:07:54Z" level=info msg="Handle NFRegisterRequest" category=MGMT component=NRF
time="2022-03-22T08:07:54Z" level=info msg="urilist update" category=MGMT component=NRF
time="2022-03-22T08:07:54Z" level=info msg="Create NF Profile" category=MGMT component=NRF
time="2022-03-22T08:07:54Z" level=info msg="Location header:  http://127.0.0.10:8000/nnrf-nfm/v1/nf-instances/e211fc96-85f5-41c8-90be-ebca4fbfb600" category=MGMT component=NRF
time="2022-03-22T08:07:54Z" level=info msg="| 201 |       127.0.0.1 | PUT     | /nnrf-nfm/v1/nf-instances/e211fc96-85f5-41c8-90be-ebca4fbfb600 | " category=GIN component=NRF
time="2022-03-22T08:07:56Z" level=info msg=amf category=App component=AMF
time="2022-03-22T08:07:56Z" level=info msg="AMF version:  \n\tNot specify ldflags (which link version) during go build\n\tgo version: go1.14.4 linux/amd64" category=App component=AMF
time="2022-03-22T08:07:56Z" level=info msg="AMF Log level is set to [info] level" category=Init component=AMF
time="2022-03-22T08:07:56Z" level=info msg="set log level : info" category=NAS component=LIB
time="2022-03-22T08:07:56Z" level=info msg="set report call : false" category=NAS component=LIB
time="2022-03-22T08:07:56Z" level=info msg="set log level : info" category=NGAP component=LIB
time="2022-03-22T08:07:56Z" level=info msg="set report call : false" category=NGAP component=LIB
time="2022-03-22T08:07:56Z" level=info msg="set log level : info" category=FSM component=LIB
time="2022-03-22T08:07:56Z" level=info msg="set report call : false" category=FSM component=LIB
time="2022-03-22T08:07:56Z" level=info msg="set log level : info" category=Aper component=LIB
time="2022-03-22T08:07:56Z" level=info msg="set report call : false" category=Aper component=LIB
time="2022-03-22T08:07:56Z" level=info msg="set log level : info" category=OAPI component=LIB
time="2022-03-22T08:07:56Z" level=info msg="set report call : false" category=OAPI component=LIB
time="2022-03-22T08:07:56Z" level=info msg="config version [1.0.2]" category=CFG component=AMF
time="2022-03-22T08:07:56Z" level=info msg="Server started" category=Init component=AMF
time="2022-03-22T08:07:56Z" level=info msg="amfconfig Info: Version[1.0.2] Description[AMF initial local configuration]" category=Util component=AMF
time="2022-03-22T08:07:56Z" level=info msg="Listen on 127.0.0.20:38412" category=NGAP component=AMF
time="2022-03-22T08:07:56Z" level=info msg="Handle NFRegisterRequest" category=MGMT component=NRF
time="2022-03-22T08:07:56Z" level=info msg="urilist update" category=MGMT component=NRF
time="2022-03-22T08:07:56Z" level=info msg="Create NF Profile" category=MGMT component=NRF
time="2022-03-22T08:07:56Z" level=info msg="Location header:  http://127.0.0.10:8000/nnrf-nfm/v1/nf-instances/13ae4093-faba-45e6-ab84-142801043868" category=MGMT component=NRF
time="2022-03-22T08:07:56Z" level=info msg="| 201 |       127.0.0.1 | PUT     | /nnrf-nfm/v1/nf-instances/13ae4093-faba-45e6-ab84-142801043868 | " category=GIN component=NRF
time="2022-03-22T08:07:59Z" level=info msg=lb category=App component=LB
time="2022-03-22T08:07:59Z" level=info msg="LB version:  \n\tNot specify ldflags (which link version) during go build\n\tgo version: go1.14.4 linux/amd64" category=App component=LB
time="2022-03-22T08:07:59Z" level=info msg="config version [1.0.0]" category=CFG component=LB
time="2022-03-22T08:07:59Z" level=info msg="Server started" category=Init component=LB
time="2022-03-22T08:07:59Z" level=info msg=DialToAmf category=Init component=LB
time="2022-03-22T08:07:59Z" level=info msg="raw addr: [2 0 150 12 127 0 0 18 0 0 0 0 0 0 0 0]\n" category=NGAP component=LB
time="2022-03-22T08:07:59Z" level=info msg="[AMF] SCTP Accept from: 127.0.0.1/10.10.0.27/172.17.0.1/172.18.0.1:56650" category=NGAP component=AMF
time="2022-03-22T08:07:59Z" level=info msg="Dail LocalAddr: 127.0.0.1/10.10.0.27/172.17.0.1/172.18.0.1:56650; RemoteAddr: 127.0.0.18:38412" category=NGAP component=LB
time="2022-03-22T08:07:59Z" level=info msg=DialToAmf1 category=Init component=LB
time="2022-03-22T08:07:59Z" level=info msg="raw addr: [2 0 150 12 127 0 0 19 0 0 0 0 0 0 0 0]\n" category=NGAP component=LB
time="2022-03-22T08:07:59Z" level=info msg="Dail LocalAddr: 127.0.0.1/10.10.0.27/172.17.0.1/172.18.0.1:41257; RemoteAddr: 127.0.0.19:38412" category=NGAP component=LB
time="2022-03-22T08:07:59Z" level=info msg=DialToAmf2 category=Init component=LB
time="2022-03-22T08:07:59Z" level=info msg="[AMF] SCTP Accept from: 127.0.0.1/10.10.0.27/172.17.0.1/172.18.0.1:41257" category=NGAP component=AMF
time="2022-03-22T08:07:59Z" level=info msg="raw addr: [2 0 150 12 127 0 0 20 0 0 0 0 0 0 0 0]\n" category=NGAP component=LB
time="2022-03-22T08:07:59Z" level=info msg="Dail LocalAddr: 127.0.0.1/10.10.0.27/172.17.0.1/172.18.0.1:58949; RemoteAddr: 127.0.0.20:38412" category=NGAP component=LB
time="2022-03-22T08:07:59Z" level=info msg="[AMF] SCTP Accept from: 127.0.0.1/10.10.0.27/172.17.0.1/172.18.0.1:58949" category=NGAP component=AMF
time="2022-03-22T08:07:59Z" level=info msg=Run category=Init component=LB
time="2022-03-22T08:07:59Z" level=info msg="71 Listen on 127.0.0.21:38415" category=NGAP component=LB
time="2022-03-22T08:10:27Z" level=info msg="Terminating LB..." category=Init component=LB
time="2022-03-22T08:10:27Z" level=info msg="Close SCTP server..." category=NGAP component=LB
time="2022-03-22T08:10:27Z" level=info msg="Handle SCTP Notification[addr: <nil>]" category=NGAP component=AMF
time="2022-03-22T08:10:27Z" level=info msg="SCTP server closed" category=NGAP component=LB
time="2022-03-22T08:10:27Z" level=warning msg="RAN context has been removed[addr: <nil>]" category=NGAP component=AMF
time="2022-03-22T08:10:27Z" level=info msg="Handle SCTP Notification[addr: <nil>]" category=NGAP component=AMF
time="2022-03-22T08:10:27Z" level=info msg="Handle SCTP Notification[addr: <nil>]" category=NGAP component=AMF
time="2022-03-22T08:10:27Z" level=warning msg="RAN context has been removed[addr: <nil>]" category=NGAP component=AMF
time="2022-03-22T08:10:27Z" level=info msg="LB terminated" category=Init component=LB
time="2022-03-22T08:10:27Z" level=info msg="Handle SCTP Notification[addr: <nil>]" category=NGAP component=AMF
time="2022-03-22T08:10:27Z" level=warning msg="RAN context has been removed[addr: <nil>]" category=NGAP component=AMF
time="2022-03-22T08:10:27Z" level=warning msg="RAN context has been removed[addr: <nil>]" category=NGAP component=AMF
time="2022-03-22T08:10:27Z" level=info msg="Handle SCTP Notification[addr: <nil>]" category=NGAP component=AMF
time="2022-03-22T08:10:27Z" level=warning msg="RAN context has been removed[addr: <nil>]" category=NGAP component=AMF
time="2022-03-22T08:10:27Z" level=info msg="Handle SCTP Notification[addr: <nil>]" category=NGAP component=AMF
time="2022-03-22T08:10:27Z" level=warning msg="RAN context has been removed[addr: <nil>]" category=NGAP component=AMF
time="2022-03-22T08:10:29Z" level=info msg="Terminating AMF..." category=Init component=AMF
time="2022-03-22T08:10:29Z" level=info msg="[AMF] Send Deregister NFInstance" category=Consumer component=AMF
time="2022-03-22T08:10:29Z" level=info msg="Handle NFDeregisterRequest" category=MGMT component=NRF
time="2022-03-22T08:10:30Z" level=info msg="| 204 |       127.0.0.1 | DELETE  | /nnrf-nfm/v1/nf-instances/13ae4093-faba-45e6-ab84-142801043868 | " category=GIN component=NRF
time="2022-03-22T08:10:30Z" level=info msg="[AMF] Deregister from NRF successfully" category=Init component=AMF
time="2022-03-22T08:10:30Z" level=info msg="Send AMF Status Indication to Notify RANs due to AMF terminating" category=Init component=AMF
time="2022-03-22T08:10:30Z" level=info msg="Close SCTP server..." category=NGAP component=AMF
time="2022-03-22T08:10:30Z" level=info msg="SCTP server closed" category=NGAP component=AMF
time="2022-03-22T08:10:30Z" level=info msg="AMF terminated" category=Init component=AMF
time="2022-03-22T08:10:31Z" level=info msg="Terminating AMF..." category=Init component=AMF
time="2022-03-22T08:10:31Z" level=info msg="[AMF] Send Deregister NFInstance" category=Consumer component=AMF
time="2022-03-22T08:10:31Z" level=info msg="Handle NFDeregisterRequest" category=MGMT component=NRF
time="2022-03-22T08:10:32Z" level=info msg="| 204 |       127.0.0.1 | DELETE  | /nnrf-nfm/v1/nf-instances/e211fc96-85f5-41c8-90be-ebca4fbfb600 | " category=GIN component=NRF
time="2022-03-22T08:10:32Z" level=info msg="[AMF] Deregister from NRF successfully" category=Init component=AMF
time="2022-03-22T08:10:32Z" level=info msg="Send AMF Status Indication to Notify RANs due to AMF terminating" category=Init component=AMF
time="2022-03-22T08:10:32Z" level=info msg="Close SCTP server..." category=NGAP component=AMF
time="2022-03-22T08:10:32Z" level=info msg="SCTP server closed" category=NGAP component=AMF
time="2022-03-22T08:10:32Z" level=info msg="AMF terminated" category=Init component=AMF
time="2022-03-22T08:10:38Z" level=info msg="Terminating AMF..." category=Init component=AMF
time="2022-03-22T08:10:38Z" level=info msg="[AMF] Send Deregister NFInstance" category=Consumer component=AMF
time="2022-03-22T08:10:38Z" level=info msg="Handle NFDeregisterRequest" category=MGMT component=NRF
time="2022-03-22T08:10:39Z" level=info msg="| 204 |       127.0.0.1 | DELETE  | /nnrf-nfm/v1/nf-instances/9a341e86-b048-48c8-a422-a43264336732 | " category=GIN component=NRF
time="2022-03-22T08:10:39Z" level=info msg="[AMF] Deregister from NRF successfully" category=Init component=AMF
time="2022-03-22T08:10:39Z" level=info msg="Send AMF Status Indication to Notify RANs due to AMF terminating" category=Init component=AMF
time="2022-03-22T08:10:39Z" level=info msg="Close SCTP server..." category=NGAP component=AMF
time="2022-03-22T08:10:39Z" level=info msg="SCTP server closed" category=NGAP component=AMF
time="2022-03-22T08:10:39Z" level=info msg="AMF terminated" category=Init component=AMF
time="2022-03-22T08:10:44Z" level=info msg="Terminating NRF..." category=Init component=NRF
time="2022-03-22T08:10:44Z" level=info msg="NRF terminated" category=Init component=NRF
