time="2022-03-22T11:16:59Z" level=info msg="NSSF Log level is set to [info] level" category=Init component=NSSF
time="2022-03-22T11:16:59Z" level=info msg="config version [1.0.0]" category=CFG component=NSSF
time="2022-03-22T11:16:59Z" level=info msg="Server started" category=Init component=NSSF
time="2022-03-29T16:45:53Z" level=info msg="NSSF version:  \n\tNot specify ldflags (which link version) during go build\n\tgo version: go1.14.4 linux/amd64" category=App component=NSSF
time="2022-03-29T16:45:53Z" level=info msg="NSSF Log level is set to [info] level" category=Init component=NSSF
time="2022-03-29T16:45:53Z" level=info msg="config version [1.0.0]" category=CFG component=NSSF
time="2022-03-29T16:45:53Z" level=info msg="Server started" category=Init component=NSSF
time="2022-03-29T16:46:12Z" level=info msg="Handle NSSelectionGet" category=NsSelect component=NSSF
time="2022-03-29T16:46:12Z" level=info msg="| 200 |       127.0.0.1 | GET     | /nnssf-nsselection/v1/network-slice-information?nf-id=3caa1549-a1cf-475d-9005-1e23d1c00aee&nf-type=AMF&slice-info-request-for-pdu-session=%7B%22sNssai%22%3A%7B%22sst%22%3A1%2C%22sd%22%3A%22010203%22%7D%2C%22roamingIndication%22%3A%22NON_ROAMING%22%7D | " category=GIN component=NSSF
time="2022-03-29T16:46:59Z" level=info msg="Terminating NSSF..." category=Init component=NSSF
time="2022-03-29T16:46:59Z" level=info msg="Send Deregister NFInstance" category=App component=NSSF
time="2022-03-29T16:47:00Z" level=info msg="Deregister from NRF successfully" category=Init component=NSSF
time="2022-03-29T16:47:00Z" level=info msg="NSSF terminated" category=Init component=NSSF
time="2022-03-29T17:04:51Z" level=info msg="NSSF version:  \n\tNot specify ldflags (which link version) during go build\n\tgo version: go1.14.4 linux/amd64" category=App component=NSSF
time="2022-03-29T17:04:51Z" level=info msg="NSSF Log level is set to [info] level" category=Init component=NSSF
time="2022-03-29T17:04:51Z" level=info msg="config version [1.0.0]" category=CFG component=NSSF
time="2022-03-29T17:04:51Z" level=info msg="Server started" category=Init component=NSSF
time="2022-03-29T17:06:08Z" level=info msg="Handle NSSelectionGet" category=NsSelect component=NSSF
time="2022-03-29T17:06:08Z" level=info msg="| 200 |       127.0.0.1 | GET     | /nnssf-nsselection/v1/network-slice-information?nf-id=592c20db-7aac-4089-ad4d-78afbb215e34&nf-type=AMF&slice-info-request-for-pdu-session=%7B%22sNssai%22%3A%7B%22sst%22%3A1%2C%22sd%22%3A%22010203%22%7D%2C%22roamingIndication%22%3A%22NON_ROAMING%22%7D | " category=GIN component=NSSF
time="2022-03-29T17:08:12Z" level=info msg="Terminating NSSF..." category=Init component=NSSF
time="2022-03-29T17:08:12Z" level=info msg="Send Deregister NFInstance" category=App component=NSSF
time="2022-03-29T17:08:13Z" level=info msg="Deregister from NRF successfully" category=Init component=NSSF
time="2022-03-29T17:08:13Z" level=info msg="NSSF terminated" category=Init component=NSSF
