time="2022-02-11T07:48:06Z" level=info msg="set log level : info" category=NAS component=LIB
time="2022-02-11T07:48:06Z" level=info msg="set report call : false" category=NAS component=LIB
time="2022-02-11T07:54:30Z" level=info msg="set log level : info" category=NAS component=LIB
time="2022-02-11T07:54:30Z" level=info msg="set report call : false" category=NAS component=LIB
time="2022-02-11T07:54:57Z" level=info msg="set log level : info" category=NAS component=LIB
time="2022-02-11T07:54:57Z" level=info msg="set report call : false" category=NAS component=LIB
time="2022-02-11T08:09:36Z" level=info msg="set log level : info" category=NAS component=LIB
time="2022-02-11T08:09:36Z" level=info msg="set report call : false" category=NAS component=LIB
time="2022-03-20T09:33:55Z" level=info msg="set log level : info" category=NAS component=LIB
time="2022-03-20T09:33:55Z" level=info msg="set report call : false" category=NAS component=LIB
time="2022-03-20T09:34:24Z" level=info msg="set log level : info" category=NAS component=LIB
time="2022-03-20T09:34:24Z" level=info msg="set report call : false" category=NAS component=LIB
time="2022-03-20T09:47:27Z" level=info msg="set log level : info" category=NAS component=LIB
time="2022-03-20T09:47:27Z" level=info msg="set report call : false" category=NAS component=LIB
time="2022-03-20T09:55:54Z" level=info msg="set log level : info" category=NAS component=LIB
time="2022-03-20T09:55:54Z" level=info msg="set report call : false" category=NAS component=LIB
time="2022-03-22T07:42:34Z" level=info msg="set log level : info" category=NAS component=LIB
time="2022-03-22T07:42:34Z" level=info msg="set report call : false" category=NAS component=LIB
time="2022-03-22T07:43:46Z" level=info msg="set log level : info" category=NAS component=LIB
time="2022-03-22T07:43:46Z" level=info msg="set report call : false" category=NAS component=LIB
time="2022-03-22T08:01:54Z" level=info msg="set log level : info" category=NAS component=LIB
time="2022-03-22T08:01:54Z" level=info msg="set report call : false" category=NAS component=LIB
time="2022-03-22T08:02:13Z" level=info msg="set log level : info" category=NAS component=LIB
time="2022-03-22T08:02:13Z" level=info msg="set report call : false" category=NAS component=LIB
time="2022-03-22T08:02:32Z" level=info msg="set log level : info" category=NAS component=LIB
time="2022-03-22T08:02:32Z" level=info msg="set report call : false" category=NAS component=LIB
time="2022-03-22T08:07:51Z" level=info msg="set log level : info" category=NAS component=LIB
time="2022-03-22T08:07:51Z" level=info msg="set report call : false" category=NAS component=LIB
time="2022-03-22T08:07:54Z" level=info msg="set log level : info" category=NAS component=LIB
time="2022-03-22T08:07:54Z" level=info msg="set report call : false" category=NAS component=LIB
time="2022-03-22T08:07:56Z" level=info msg="set log level : info" category=NAS component=LIB
time="2022-03-22T08:07:56Z" level=info msg="set report call : false" category=NAS component=LIB
time="2022-03-22T11:16:58Z" level=info msg="set log level : info" category=NAS component=LIB
time="2022-03-22T11:16:58Z" level=info msg="set report call : false" category=NAS component=LIB
time="2022-03-22T11:16:58Z" level=info msg="set log level : info" category=NAS component=LIB
time="2022-03-22T11:16:58Z" level=info msg="set report call : false" category=NAS component=LIB
time="2022-03-29T16:00:32Z" level=info msg="set log level : info" category=NAS component=LIB
time="2022-03-29T16:00:32Z" level=info msg="set report call : false" category=NAS component=LIB
time="2022-03-29T16:24:54Z" level=info msg="set log level : info" category=NAS component=LIB
time="2022-03-29T16:24:54Z" level=info msg="set report call : false" category=NAS component=LIB
time="2022-03-29T16:35:20Z" level=info msg="set log level : info" category=NAS component=LIB
time="2022-03-29T16:35:20Z" level=info msg="set report call : false" category=NAS component=LIB
time="2022-03-29T16:39:46Z" level=info msg="set log level : info" category=NAS component=LIB
time="2022-03-29T16:39:46Z" level=info msg="set report call : false" category=NAS component=LIB
time="2022-03-29T16:39:52Z" level=info msg="set log level : info" category=NAS component=LIB
time="2022-03-29T16:39:52Z" level=info msg="set report call : false" category=NAS component=LIB
time="2022-03-29T16:42:05Z" level=info msg="set log level : info" category=NAS component=LIB
time="2022-03-29T16:42:05Z" level=info msg="set report call : false" category=NAS component=LIB
time="2022-03-29T16:42:08Z" level=info msg="set log level : info" category=NAS component=LIB
time="2022-03-29T16:42:08Z" level=info msg="set report call : false" category=NAS component=LIB
time="2022-03-29T16:42:28Z" level=info msg="Encode ExtendedProtocolConfigurationOptions in EncodePDUSessionEstablishmentRequest" category=Message component=NAS
time="2022-03-29T16:45:37Z" level=info msg="set log level : info" category=NAS component=LIB
time="2022-03-29T16:45:37Z" level=info msg="set report call : false" category=NAS component=LIB
time="2022-03-29T16:45:40Z" level=info msg="set log level : info" category=NAS component=LIB
time="2022-03-29T16:45:40Z" level=info msg="set report call : false" category=NAS component=LIB
time="2022-03-29T16:46:12Z" level=info msg="Encode ExtendedProtocolConfigurationOptions in EncodePDUSessionEstablishmentRequest" category=Message component=NAS
time="2022-03-29T16:46:12Z" level=info msg="ProtocolOrContainerList:  [0xc00026ba60 0xc00026baa0 0xc00026bae0]" category=Convert component=NAS
time="2022-03-29T17:04:35Z" level=info msg="set log level : info" category=NAS component=LIB
time="2022-03-29T17:04:35Z" level=info msg="set report call : false" category=NAS component=LIB
time="2022-03-29T17:04:38Z" level=info msg="set log level : info" category=NAS component=LIB
time="2022-03-29T17:04:38Z" level=info msg="set report call : false" category=NAS component=LIB
time="2022-03-29T17:05:09Z" level=info msg="set log level : info" category=NAS component=LIB
time="2022-03-29T17:05:09Z" level=info msg="set report call : false" category=NAS component=LIB
time="2022-03-29T17:06:08Z" level=info msg="Encode ExtendedProtocolConfigurationOptions in EncodePDUSessionEstablishmentRequest" category=Message component=NAS
time="2022-03-29T17:06:08Z" level=info msg="ProtocolOrContainerList:  [0xc00009fda0 0xc00009fde0 0xc00009fe20]" category=Convert component=NAS
time="2022-04-07T11:20:16Z" level=info msg="set log level : info" category=NAS component=LIB
time="2022-04-07T11:20:16Z" level=info msg="set report call : false" category=NAS component=LIB
time="2022-04-07T11:20:18Z" level=info msg="set log level : info" category=NAS component=LIB
time="2022-04-07T11:20:18Z" level=info msg="set report call : false" category=NAS component=LIB
time="2022-04-07T11:20:20Z" level=info msg="set log level : info" category=NAS component=LIB
time="2022-04-07T11:20:20Z" level=info msg="set report call : false" category=NAS component=LIB
time="2022-04-07T11:20:23Z" level=info msg="set log level : info" category=NAS component=LIB
time="2022-04-07T11:20:23Z" level=info msg="set report call : false" category=NAS component=LIB
time="2022-04-19T18:04:00Z" level=info msg="set log level : info" category=NAS component=LIB
time="2022-04-19T18:04:00Z" level=info msg="set report call : false" category=NAS component=LIB
time="2022-04-19T18:04:06Z" level=info msg="set log level : info" category=NAS component=LIB
time="2022-04-19T18:04:06Z" level=info msg="set report call : false" category=NAS component=LIB
time="2022-04-19T18:22:07Z" level=info msg="set log level : info" category=NAS component=LIB
time="2022-04-19T18:22:07Z" level=info msg="set report call : false" category=NAS component=LIB
time="2022-04-19T18:24:22Z" level=info msg="set log level : info" category=NAS component=LIB
time="2022-04-19T18:24:22Z" level=info msg="set report call : false" category=NAS component=LIB
time="2022-04-19T18:25:10Z" level=info msg="set log level : info" category=NAS component=LIB
time="2022-04-19T18:25:10Z" level=info msg="set report call : false" category=NAS component=LIB
time="2022-04-19T18:46:49Z" level=info msg="set log level : info" category=NAS component=LIB
time="2022-04-19T18:46:49Z" level=info msg="set report call : false" category=NAS component=LIB
time="2022-04-19T18:46:59Z" level=info msg="set log level : info" category=NAS component=LIB
time="2022-04-19T18:46:59Z" level=info msg="set report call : false" category=NAS component=LIB
time="2022-04-19T18:56:30Z" level=info msg="set log level : info" category=NAS component=LIB
time="2022-04-19T18:56:30Z" level=info msg="set report call : false" category=NAS component=LIB
time="2022-04-19T19:14:58Z" level=info msg="set log level : info" category=NAS component=LIB
time="2022-04-19T19:14:58Z" level=info msg="set report call : false" category=NAS component=LIB
time="2022-04-19T19:15:08Z" level=info msg="Encode ExtendedProtocolConfigurationOptions in EncodePDUSessionEstablishmentRequest" category=Message component=NAS
time="2022-04-19T19:28:31Z" level=info msg="set log level : info" category=NAS component=LIB
time="2022-04-19T19:28:31Z" level=info msg="set report call : false" category=NAS component=LIB
time="2022-04-19T19:28:40Z" level=info msg="Encode ExtendedProtocolConfigurationOptions in EncodePDUSessionEstablishmentRequest" category=Message component=NAS
time="2022-04-19T19:28:41Z" level=info msg="ProtocolOrContainerList:  [0xc0003a8e60 0xc0003a8ea0 0xc0003a8ee0]" category=Convert component=NAS
time="2022-04-26T15:24:17Z" level=info msg="set log level : info" category=NAS component=LIB
time="2022-04-26T15:24:17Z" level=info msg="set report call : false" category=NAS component=LIB
time="2022-04-26T15:24:18Z" level=info msg="set log level : info" category=NAS component=LIB
time="2022-04-26T15:24:18Z" level=info msg="set report call : false" category=NAS component=LIB
time="2022-04-26T15:41:09Z" level=info msg="set log level : info" category=NAS component=LIB
time="2022-04-26T15:41:09Z" level=info msg="set report call : false" category=NAS component=LIB
time="2022-04-26T15:41:25Z" level=info msg="set log level : info" category=NAS component=LIB
time="2022-04-26T15:41:25Z" level=info msg="set report call : false" category=NAS component=LIB
time="2022-04-26T15:41:27Z" level=info msg="set log level : info" category=NAS component=LIB
time="2022-04-26T15:41:27Z" level=info msg="set report call : false" category=NAS component=LIB
time="2022-04-26T15:41:29Z" level=info msg="set log level : info" category=NAS component=LIB
time="2022-04-26T15:41:29Z" level=info msg="set report call : false" category=NAS component=LIB
time="2022-04-26T15:47:41Z" level=info msg="set log level : info" category=NAS component=LIB
time="2022-04-26T15:47:41Z" level=info msg="set report call : false" category=NAS component=LIB
time="2022-04-26T15:47:44Z" level=info msg="set log level : info" category=NAS component=LIB
time="2022-04-26T15:47:44Z" level=info msg="set report call : false" category=NAS component=LIB
time="2022-04-26T15:47:46Z" level=info msg="set log level : info" category=NAS component=LIB
time="2022-04-26T15:47:46Z" level=info msg="set report call : false" category=NAS component=LIB
time="2022-04-26T15:47:54Z" level=info msg="Encode ExtendedProtocolConfigurationOptions in EncodePDUSessionEstablishmentRequest" category=Message component=NAS
time="2022-04-26T15:47:55Z" level=info msg="ProtocolOrContainerList:  [0xc00000cac0 0xc00000cb00 0xc00000cb40]" category=Convert component=NAS
time="2022-04-26T18:08:41Z" level=info msg="set log level : info" category=NAS component=LIB
time="2022-04-26T18:08:41Z" level=info msg="set report call : false" category=NAS component=LIB
time="2022-04-26T18:08:54Z" level=info msg="set log level : info" category=NAS component=LIB
time="2022-04-26T18:08:54Z" level=info msg="set report call : false" category=NAS component=LIB
time="2022-04-26T18:08:56Z" level=info msg="set log level : info" category=NAS component=LIB
time="2022-04-26T18:08:56Z" level=info msg="set report call : false" category=NAS component=LIB
time="2022-04-26T18:08:58Z" level=info msg="set log level : info" category=NAS component=LIB
time="2022-04-26T18:08:58Z" level=info msg="set report call : false" category=NAS component=LIB
time="2022-04-26T18:20:45Z" level=info msg="Encode ExtendedProtocolConfigurationOptions in EncodePDUSessionEstablishmentRequest" category=Message component=NAS
time="2022-04-26T18:20:46Z" level=info msg="ProtocolOrContainerList:  [0xc0003e3d60 0xc0003e3da0 0xc0003e3de0]" category=Convert component=NAS
time="2022-04-26T18:29:46Z" level=info msg="set log level : info" category=NAS component=LIB
time="2022-04-26T18:29:46Z" level=info msg="set report call : false" category=NAS component=LIB
time="2022-04-26T18:29:48Z" level=info msg="set log level : info" category=NAS component=LIB
time="2022-04-26T18:29:48Z" level=info msg="set report call : false" category=NAS component=LIB
time="2022-04-26T18:29:50Z" level=info msg="set log level : info" category=NAS component=LIB
time="2022-04-26T18:29:50Z" level=info msg="set report call : false" category=NAS component=LIB
time="2022-04-26T18:30:01Z" level=info msg="Encode ExtendedProtocolConfigurationOptions in EncodePDUSessionEstablishmentRequest" category=Message component=NAS
time="2022-04-26T18:30:02Z" level=info msg="ProtocolOrContainerList:  [0xc0000ac240 0xc0000ac280 0xc0000ac2c0]" category=Convert component=NAS
time="2022-04-26T18:41:43Z" level=info msg="set log level : info" category=NAS component=LIB
time="2022-04-26T18:41:43Z" level=info msg="set report call : false" category=NAS component=LIB
time="2022-04-26T18:41:45Z" level=info msg="set log level : info" category=NAS component=LIB
time="2022-04-26T18:41:45Z" level=info msg="set report call : false" category=NAS component=LIB
time="2022-04-26T18:41:47Z" level=info msg="set log level : info" category=NAS component=LIB
time="2022-04-26T18:41:47Z" level=info msg="set report call : false" category=NAS component=LIB
time="2022-04-26T18:41:56Z" level=info msg="Encode ExtendedProtocolConfigurationOptions in EncodePDUSessionEstablishmentRequest" category=Message component=NAS
time="2022-04-26T18:41:56Z" level=info msg="ProtocolOrContainerList:  [0xc0002fa1c0 0xc0002fa200 0xc0002fa240]" category=Convert component=NAS
time="2022-04-26T18:41:56Z" level=info msg="Encode ExtendedProtocolConfigurationOptions in EncodePDUSessionEstablishmentRequest" category=Message component=NAS
time="2022-04-26T18:41:57Z" level=info msg="ProtocolOrContainerList:  [0xc0000ac9e0 0xc0000aca40 0xc0000acaa0]" category=Convert component=NAS
time="2022-04-26T18:46:50Z" level=info msg="set log level : info" category=NAS component=LIB
time="2022-04-26T18:46:50Z" level=info msg="set report call : false" category=NAS component=LIB
time="2022-04-26T18:46:52Z" level=info msg="set log level : info" category=NAS component=LIB
time="2022-04-26T18:46:52Z" level=info msg="set report call : false" category=NAS component=LIB
time="2022-04-26T18:46:54Z" level=info msg="set log level : info" category=NAS component=LIB
time="2022-04-26T18:46:54Z" level=info msg="set report call : false" category=NAS component=LIB
time="2022-04-26T18:47:02Z" level=info msg="Encode ExtendedProtocolConfigurationOptions in EncodePDUSessionEstablishmentRequest" category=Message component=NAS
time="2022-04-26T18:47:02Z" level=info msg="ProtocolOrContainerList:  [0xc0000ac0e0 0xc0000ac160 0xc0000ac1a0]" category=Convert component=NAS
time="2022-04-26T18:47:02Z" level=info msg="Encode ExtendedProtocolConfigurationOptions in EncodePDUSessionEstablishmentRequest" category=Message component=NAS
time="2022-04-26T18:47:03Z" level=info msg="ProtocolOrContainerList:  [0xc00041b860 0xc00041b8c0 0xc00041b900]" category=Convert component=NAS
time="2022-04-26T18:53:53Z" level=info msg="set log level : info" category=NAS component=LIB
time="2022-04-26T18:53:53Z" level=info msg="set report call : false" category=NAS component=LIB
time="2022-04-26T18:53:55Z" level=info msg="set log level : info" category=NAS component=LIB
time="2022-04-26T18:53:55Z" level=info msg="set report call : false" category=NAS component=LIB
time="2022-04-26T18:53:57Z" level=info msg="set log level : info" category=NAS component=LIB
time="2022-04-26T18:53:57Z" level=info msg="set report call : false" category=NAS component=LIB
time="2022-04-26T18:54:05Z" level=info msg="Encode ExtendedProtocolConfigurationOptions in EncodePDUSessionEstablishmentRequest" category=Message component=NAS
time="2022-04-26T18:54:05Z" level=info msg="ProtocolOrContainerList:  [0xc0000ac2c0 0xc0000ac300 0xc0000ac380]" category=Convert component=NAS
time="2022-04-26T18:54:06Z" level=info msg="Encode ExtendedProtocolConfigurationOptions in EncodePDUSessionEstablishmentRequest" category=Message component=NAS
time="2022-04-26T18:54:06Z" level=info msg="ProtocolOrContainerList:  [0xc00000c2c0 0xc00000c300 0xc00000c340]" category=Convert component=NAS
time="2022-04-26T19:14:31Z" level=info msg="set log level : info" category=NAS component=LIB
time="2022-04-26T19:14:31Z" level=info msg="set report call : false" category=NAS component=LIB
time="2022-04-26T19:14:33Z" level=info msg="set log level : info" category=NAS component=LIB
time="2022-04-26T19:14:33Z" level=info msg="set report call : false" category=NAS component=LIB
time="2022-04-26T19:14:35Z" level=info msg="set log level : info" category=NAS component=LIB
time="2022-04-26T19:14:35Z" level=info msg="set report call : false" category=NAS component=LIB
time="2022-04-26T19:14:44Z" level=info msg="Encode ExtendedProtocolConfigurationOptions in EncodePDUSessionEstablishmentRequest" category=Message component=NAS
time="2022-04-26T19:14:44Z" level=info msg="ProtocolOrContainerList:  [0xc0003e2a40 0xc0003e2aa0 0xc0003e2ae0]" category=Convert component=NAS
time="2022-04-26T19:14:44Z" level=info msg="Encode ExtendedProtocolConfigurationOptions in EncodePDUSessionEstablishmentRequest" category=Message component=NAS
time="2022-04-26T19:14:45Z" level=info msg="ProtocolOrContainerList:  [0xc00041b1e0 0xc00041b220 0xc00041b280]" category=Convert component=NAS
time="2022-04-26T19:19:37Z" level=info msg="set log level : info" category=NAS component=LIB
time="2022-04-26T19:19:37Z" level=info msg="set report call : false" category=NAS component=LIB
time="2022-04-26T19:19:40Z" level=info msg="set log level : info" category=NAS component=LIB
time="2022-04-26T19:19:40Z" level=info msg="set report call : false" category=NAS component=LIB
time="2022-04-26T19:19:42Z" level=info msg="set log level : info" category=NAS component=LIB
time="2022-04-26T19:19:42Z" level=info msg="set report call : false" category=NAS component=LIB
time="2022-04-26T19:19:49Z" level=info msg="Encode ExtendedProtocolConfigurationOptions in EncodePDUSessionEstablishmentRequest" category=Message component=NAS
time="2022-04-26T19:19:49Z" level=info msg="ProtocolOrContainerList:  [0xc0003e3520 0xc0003e3560 0xc0003e35a0]" category=Convert component=NAS
time="2022-04-26T19:20:26Z" level=info msg="set log level : info" category=NAS component=LIB
time="2022-04-26T19:20:26Z" level=info msg="set report call : false" category=NAS component=LIB
time="2022-04-26T19:20:28Z" level=info msg="set log level : info" category=NAS component=LIB
time="2022-04-26T19:20:28Z" level=info msg="set report call : false" category=NAS component=LIB
time="2022-04-26T19:20:44Z" level=info msg="set log level : info" category=NAS component=LIB
time="2022-04-26T19:20:44Z" level=info msg="set report call : false" category=NAS component=LIB
time="2022-04-26T19:20:46Z" level=info msg="set log level : info" category=NAS component=LIB
time="2022-04-26T19:20:46Z" level=info msg="set report call : false" category=NAS component=LIB
time="2022-04-26T19:20:48Z" level=info msg="set log level : info" category=NAS component=LIB
time="2022-04-26T19:20:48Z" level=info msg="set report call : false" category=NAS component=LIB
time="2022-04-26T19:20:56Z" level=info msg="Encode ExtendedProtocolConfigurationOptions in EncodePDUSessionEstablishmentRequest" category=Message component=NAS
time="2022-04-26T19:20:56Z" level=info msg="ProtocolOrContainerList:  [0xc0003e2d60 0xc0003e2da0 0xc0003e2e00]" category=Convert component=NAS
time="2022-04-26T19:29:44Z" level=info msg="set log level : info" category=NAS component=LIB
time="2022-04-26T19:29:44Z" level=info msg="set report call : false" category=NAS component=LIB
time="2022-04-26T19:29:56Z" level=info msg="set log level : info" category=NAS component=LIB
time="2022-04-26T19:29:56Z" level=info msg="set report call : false" category=NAS component=LIB
time="2022-04-26T19:29:58Z" level=info msg="set log level : info" category=NAS component=LIB
time="2022-04-26T19:29:58Z" level=info msg="set report call : false" category=NAS component=LIB
time="2022-04-26T19:29:59Z" level=info msg="set log level : info" category=NAS component=LIB
time="2022-04-26T19:29:59Z" level=info msg="set report call : false" category=NAS component=LIB
time="2022-04-26T19:30:07Z" level=info msg="Encode ExtendedProtocolConfigurationOptions in EncodePDUSessionEstablishmentRequest" category=Message component=NAS
time="2022-04-26T19:30:07Z" level=info msg="ProtocolOrContainerList:  [0xc00047e880 0xc00047e8c0 0xc00047e900]" category=Convert component=NAS
time="2022-04-26T19:30:08Z" level=info msg="Encode ExtendedProtocolConfigurationOptions in EncodePDUSessionEstablishmentRequest" category=Message component=NAS
time="2022-04-26T19:30:08Z" level=info msg="ProtocolOrContainerList:  [0xc000419160 0xc0004191e0 0xc000419220]" category=Convert component=NAS
time="2022-04-26T19:35:44Z" level=info msg="set log level : info" category=NAS component=LIB
time="2022-04-26T19:35:44Z" level=info msg="set report call : false" category=NAS component=LIB
time="2022-04-26T19:35:47Z" level=info msg="set log level : info" category=NAS component=LIB
time="2022-04-26T19:35:47Z" level=info msg="set report call : false" category=NAS component=LIB
time="2022-04-26T19:35:48Z" level=info msg="set log level : info" category=NAS component=LIB
time="2022-04-26T19:35:48Z" level=info msg="set report call : false" category=NAS component=LIB
time="2022-04-26T19:35:56Z" level=info msg="Encode ExtendedProtocolConfigurationOptions in EncodePDUSessionEstablishmentRequest" category=Message component=NAS
time="2022-04-26T19:35:56Z" level=info msg="ProtocolOrContainerList:  [0xc00047ea20 0xc00047ea60 0xc00047eaa0]" category=Convert component=NAS
time="2022-04-26T19:35:57Z" level=info msg="Encode ExtendedProtocolConfigurationOptions in EncodePDUSessionEstablishmentRequest" category=Message component=NAS
time="2022-04-26T19:35:57Z" level=info msg="ProtocolOrContainerList:  [0xc00000d140 0xc00000d180 0xc00000d1c0]" category=Convert component=NAS
time="2022-04-26T19:37:52Z" level=info msg="set log level : info" category=NAS component=LIB
time="2022-04-26T19:37:52Z" level=info msg="set report call : false" category=NAS component=LIB
time="2022-04-26T19:37:54Z" level=info msg="set log level : info" category=NAS component=LIB
time="2022-04-26T19:37:54Z" level=info msg="set report call : false" category=NAS component=LIB
time="2022-04-26T19:37:56Z" level=info msg="set log level : info" category=NAS component=LIB
time="2022-04-26T19:37:56Z" level=info msg="set report call : false" category=NAS component=LIB
time="2022-04-26T19:38:05Z" level=info msg="Encode ExtendedProtocolConfigurationOptions in EncodePDUSessionEstablishmentRequest" category=Message component=NAS
time="2022-04-26T19:38:05Z" level=info msg="ProtocolOrContainerList:  [0xc0000a4500 0xc0000a4540 0xc0000a4580]" category=Convert component=NAS
time="2022-04-26T19:42:56Z" level=info msg="set log level : info" category=NAS component=LIB
time="2022-04-26T19:42:56Z" level=info msg="set report call : false" category=NAS component=LIB
time="2022-04-26T19:42:58Z" level=info msg="set log level : info" category=NAS component=LIB
time="2022-04-26T19:42:58Z" level=info msg="set report call : false" category=NAS component=LIB
time="2022-04-26T19:43:00Z" level=info msg="set log level : info" category=NAS component=LIB
time="2022-04-26T19:43:00Z" level=info msg="set report call : false" category=NAS component=LIB
time="2022-04-26T19:43:07Z" level=info msg="Encode ExtendedProtocolConfigurationOptions in EncodePDUSessionEstablishmentRequest" category=Message component=NAS
time="2022-04-26T19:43:07Z" level=info msg="ProtocolOrContainerList:  [0xc0004b1720 0xc0004b1760 0xc0004b17c0]" category=Convert component=NAS
time="2022-04-26T19:53:55Z" level=info msg="set log level : info" category=NAS component=LIB
time="2022-04-26T19:53:55Z" level=info msg="set report call : false" category=NAS component=LIB
time="2022-04-26T19:53:56Z" level=info msg="set log level : info" category=NAS component=LIB
time="2022-04-26T19:53:56Z" level=info msg="set report call : false" category=NAS component=LIB
time="2022-04-26T19:53:58Z" level=info msg="set log level : info" category=NAS component=LIB
time="2022-04-26T19:53:58Z" level=info msg="set report call : false" category=NAS component=LIB
time="2022-04-26T19:54:06Z" level=info msg="Encode ExtendedProtocolConfigurationOptions in EncodePDUSessionEstablishmentRequest" category=Message component=NAS
time="2022-04-26T19:54:06Z" level=info msg="ProtocolOrContainerList:  [0xc00047eea0 0xc00047ef20 0xc00047ef60]" category=Convert component=NAS
time="2022-04-26T20:03:41Z" level=info msg="set log level : info" category=NAS component=LIB
time="2022-04-26T20:03:41Z" level=info msg="set report call : false" category=NAS component=LIB
time="2022-04-26T20:03:43Z" level=info msg="set log level : info" category=NAS component=LIB
time="2022-04-26T20:03:43Z" level=info msg="set report call : false" category=NAS component=LIB
time="2022-04-26T20:03:45Z" level=info msg="set log level : info" category=NAS component=LIB
time="2022-04-26T20:03:45Z" level=info msg="set report call : false" category=NAS component=LIB
time="2022-04-26T20:05:26Z" level=info msg="set log level : info" category=NAS component=LIB
time="2022-04-26T20:05:26Z" level=info msg="set report call : false" category=NAS component=LIB
time="2022-04-26T20:05:28Z" level=info msg="set log level : info" category=NAS component=LIB
time="2022-04-26T20:05:28Z" level=info msg="set report call : false" category=NAS component=LIB
time="2022-04-26T20:05:30Z" level=info msg="set log level : info" category=NAS component=LIB
time="2022-04-26T20:05:30Z" level=info msg="set report call : false" category=NAS component=LIB
time="2022-04-26T20:05:38Z" level=info msg="Encode ExtendedProtocolConfigurationOptions in EncodePDUSessionEstablishmentRequest" category=Message component=NAS
time="2022-04-26T20:05:38Z" level=info msg="ProtocolOrContainerList:  [0xc00013c2a0 0xc00013c300 0xc00013c3c0]" category=Convert component=NAS
time="2022-04-26T20:20:00Z" level=info msg="set log level : info" category=NAS component=LIB
time="2022-04-26T20:20:00Z" level=info msg="set report call : false" category=NAS component=LIB
time="2022-04-26T20:20:02Z" level=info msg="set log level : info" category=NAS component=LIB
time="2022-04-26T20:20:02Z" level=info msg="set report call : false" category=NAS component=LIB
time="2022-04-26T20:20:04Z" level=info msg="set log level : info" category=NAS component=LIB
time="2022-04-26T20:20:04Z" level=info msg="set report call : false" category=NAS component=LIB
time="2022-04-26T20:20:11Z" level=info msg="Encode ExtendedProtocolConfigurationOptions in EncodePDUSessionEstablishmentRequest" category=Message component=NAS
time="2022-04-26T20:20:11Z" level=info msg="ProtocolOrContainerList:  [0xc00000c7c0 0xc00000c800 0xc00000c840]" category=Convert component=NAS
time="2022-04-26T20:23:35Z" level=info msg="set log level : info" category=NAS component=LIB
time="2022-04-26T20:23:35Z" level=info msg="set report call : false" category=NAS component=LIB
time="2022-04-26T20:23:37Z" level=info msg="set log level : info" category=NAS component=LIB
time="2022-04-26T20:23:37Z" level=info msg="set report call : false" category=NAS component=LIB
time="2022-04-26T20:23:39Z" level=info msg="set log level : info" category=NAS component=LIB
time="2022-04-26T20:23:39Z" level=info msg="set report call : false" category=NAS component=LIB
time="2022-04-26T20:23:45Z" level=info msg="Encode ExtendedProtocolConfigurationOptions in EncodePDUSessionEstablishmentRequest" category=Message component=NAS
time="2022-04-26T20:23:46Z" level=info msg="ProtocolOrContainerList:  [0xc00047e360 0xc00047e3c0 0xc00047e400]" category=Convert component=NAS
time="2022-04-26T20:39:00Z" level=info msg="set log level : info" category=NAS component=LIB
time="2022-04-26T20:39:00Z" level=info msg="set report call : false" category=NAS component=LIB
time="2022-04-26T20:39:02Z" level=info msg="set log level : info" category=NAS component=LIB
time="2022-04-26T20:39:02Z" level=info msg="set report call : false" category=NAS component=LIB
time="2022-04-26T20:39:04Z" level=info msg="set log level : info" category=NAS component=LIB
time="2022-04-26T20:39:04Z" level=info msg="set report call : false" category=NAS component=LIB
time="2022-04-26T20:39:11Z" level=info msg="Encode ExtendedProtocolConfigurationOptions in EncodePDUSessionEstablishmentRequest" category=Message component=NAS
time="2022-04-26T20:39:11Z" level=info msg="ProtocolOrContainerList:  [0xc00047e480 0xc00047e540 0xc00047e580]" category=Convert component=NAS
time="2022-04-26T20:40:43Z" level=info msg="set log level : info" category=NAS component=LIB
time="2022-04-26T20:40:43Z" level=info msg="set report call : false" category=NAS component=LIB
time="2022-04-26T20:40:54Z" level=info msg="set log level : info" category=NAS component=LIB
time="2022-04-26T20:40:54Z" level=info msg="set report call : false" category=NAS component=LIB
time="2022-04-26T20:40:55Z" level=info msg="set log level : info" category=NAS component=LIB
time="2022-04-26T20:40:55Z" level=info msg="set report call : false" category=NAS component=LIB
time="2022-04-26T20:40:57Z" level=info msg="set log level : info" category=NAS component=LIB
time="2022-04-26T20:40:57Z" level=info msg="set report call : false" category=NAS component=LIB
time="2022-04-26T20:41:05Z" level=info msg="Encode ExtendedProtocolConfigurationOptions in EncodePDUSessionEstablishmentRequest" category=Message component=NAS
time="2022-04-26T20:41:05Z" level=info msg="ProtocolOrContainerList:  [0xc0000ad2c0 0xc0000ad300 0xc0000ad340]" category=Convert component=NAS
time="2022-04-26T20:44:57Z" level=info msg="set log level : info" category=NAS component=LIB
time="2022-04-26T20:44:57Z" level=info msg="set report call : false" category=NAS component=LIB
time="2022-04-26T20:44:59Z" level=info msg="set log level : info" category=NAS component=LIB
time="2022-04-26T20:44:59Z" level=info msg="set report call : false" category=NAS component=LIB
time="2022-04-26T20:45:00Z" level=info msg="set log level : info" category=NAS component=LIB
time="2022-04-26T20:45:00Z" level=info msg="set report call : false" category=NAS component=LIB
time="2022-04-26T20:45:07Z" level=info msg="Encode ExtendedProtocolConfigurationOptions in EncodePDUSessionEstablishmentRequest" category=Message component=NAS
time="2022-04-26T20:45:07Z" level=info msg="ProtocolOrContainerList:  [0xc000400800 0xc000400860 0xc0004008c0]" category=Convert component=NAS
time="2022-04-26T20:45:08Z" level=info msg="Encode ExtendedProtocolConfigurationOptions in EncodePDUSessionEstablishmentRequest" category=Message component=NAS
time="2022-04-26T20:45:08Z" level=info msg="ProtocolOrContainerList:  [0xc0003c42a0 0xc0003c42e0 0xc0003c4320]" category=Convert component=NAS
time="2022-04-26T21:10:06Z" level=info msg="set log level : info" category=NAS component=LIB
time="2022-04-26T21:10:06Z" level=info msg="set report call : false" category=NAS component=LIB
time="2022-04-26T21:10:08Z" level=info msg="set log level : info" category=NAS component=LIB
time="2022-04-26T21:10:08Z" level=info msg="set report call : false" category=NAS component=LIB
time="2022-04-26T21:10:10Z" level=info msg="set log level : info" category=NAS component=LIB
time="2022-04-26T21:10:10Z" level=info msg="set report call : false" category=NAS component=LIB
time="2022-04-26T21:10:17Z" level=info msg="Encode ExtendedProtocolConfigurationOptions in EncodePDUSessionEstablishmentRequest" category=Message component=NAS
time="2022-04-26T21:10:17Z" level=info msg="ProtocolOrContainerList:  [0xc00058a860 0xc00058a8a0 0xc00058a8e0]" category=Convert component=NAS
time="2022-04-26T21:10:18Z" level=info msg="Encode ExtendedProtocolConfigurationOptions in EncodePDUSessionEstablishmentRequest" category=Message component=NAS
time="2022-04-26T21:10:18Z" level=info msg="ProtocolOrContainerList:  [0xc000470ce0 0xc000470d20 0xc000470d60]" category=Convert component=NAS
time="2022-05-17T13:55:34Z" level=info msg="set log level : info" category=NAS component=LIB
time="2022-05-17T13:55:34Z" level=info msg="set report call : false" category=NAS component=LIB
time="2022-05-17T13:55:49Z" level=info msg="set log level : info" category=NAS component=LIB
time="2022-05-17T13:55:49Z" level=info msg="set report call : false" category=NAS component=LIB
time="2022-05-17T13:57:59Z" level=info msg="set log level : info" category=NAS component=LIB
time="2022-05-17T13:57:59Z" level=info msg="set report call : false" category=NAS component=LIB
time="2022-05-17T14:01:36Z" level=info msg="set log level : info" category=NAS component=LIB
time="2022-05-17T14:01:36Z" level=info msg="set report call : false" category=NAS component=LIB
time="2022-05-17T14:05:47Z" level=info msg="set log level : info" category=NAS component=LIB
time="2022-05-17T14:05:47Z" level=info msg="set report call : false" category=NAS component=LIB
time="2022-05-17T14:08:30Z" level=info msg="set log level : info" category=NAS component=LIB
time="2022-05-17T14:08:30Z" level=info msg="set report call : false" category=NAS component=LIB
time="2022-05-17T14:10:50Z" level=info msg="set log level : info" category=NAS component=LIB
time="2022-05-17T14:10:50Z" level=info msg="set report call : false" category=NAS component=LIB
time="2022-05-17T14:14:33Z" level=info msg="set log level : info" category=NAS component=LIB
time="2022-05-17T14:14:33Z" level=info msg="set report call : false" category=NAS component=LIB
time="2022-05-17T14:15:06Z" level=info msg="set log level : info" category=NAS component=LIB
time="2022-05-17T14:15:06Z" level=info msg="set report call : false" category=NAS component=LIB
time="2022-05-17T14:16:37Z" level=info msg="set log level : info" category=NAS component=LIB
time="2022-05-17T14:16:37Z" level=info msg="set report call : false" category=NAS component=LIB
time="2022-05-17T14:27:00Z" level=info msg="set log level : info" category=NAS component=LIB
time="2022-05-17T14:27:00Z" level=info msg="set report call : false" category=NAS component=LIB
time="2022-05-17T14:29:36Z" level=info msg="set log level : info" category=NAS component=LIB
time="2022-05-17T14:29:36Z" level=info msg="set report call : false" category=NAS component=LIB
time="2022-05-17T14:37:39Z" level=info msg="set log level : info" category=NAS component=LIB
time="2022-05-17T14:37:39Z" level=info msg="set report call : false" category=NAS component=LIB
time="2022-05-17T14:39:17Z" level=info msg="set log level : info" category=NAS component=LIB
time="2022-05-17T14:39:17Z" level=info msg="set report call : false" category=NAS component=LIB
time="2022-05-17T14:41:37Z" level=info msg="set log level : info" category=NAS component=LIB
time="2022-05-17T14:41:37Z" level=info msg="set report call : false" category=NAS component=LIB
time="2022-05-17T14:42:58Z" level=info msg="set log level : info" category=NAS component=LIB
time="2022-05-17T14:42:58Z" level=info msg="set report call : false" category=NAS component=LIB
time="2022-05-17T15:03:25Z" level=info msg="set log level : info" category=NAS component=LIB
time="2022-05-17T15:03:25Z" level=info msg="set report call : false" category=NAS component=LIB
time="2022-05-17T15:10:56Z" level=info msg="set log level : info" category=NAS component=LIB
time="2022-05-17T15:10:56Z" level=info msg="set report call : false" category=NAS component=LIB
time="2022-05-17T15:40:55Z" level=info msg="set log level : info" category=NAS component=LIB
time="2022-05-17T15:40:55Z" level=info msg="set report call : false" category=NAS component=LIB
time="2022-05-17T15:42:38Z" level=info msg="set log level : info" category=NAS component=LIB
time="2022-05-17T15:42:38Z" level=info msg="set report call : false" category=NAS component=LIB
time="2022-05-17T15:56:45Z" level=info msg="set log level : info" category=NAS component=LIB
time="2022-05-17T15:56:45Z" level=info msg="set report call : false" category=NAS component=LIB
time="2022-05-17T15:57:44Z" level=info msg="set log level : info" category=NAS component=LIB
time="2022-05-17T15:57:44Z" level=info msg="set report call : false" category=NAS component=LIB
time="2022-05-17T16:01:54Z" level=info msg="set log level : info" category=NAS component=LIB
time="2022-05-17T16:01:54Z" level=info msg="set report call : false" category=NAS component=LIB
time="2022-05-17T16:03:57Z" level=info msg="set log level : info" category=NAS component=LIB
time="2022-05-17T16:03:57Z" level=info msg="set report call : false" category=NAS component=LIB
time="2022-05-17T16:04:08Z" level=info msg="Encode ExtendedProtocolConfigurationOptions in EncodePDUSessionEstablishmentRequest" category=Message component=NAS
time="2022-05-17T16:04:09Z" level=info msg="ProtocolOrContainerList:  [0xc00000cae0 0xc00000cb20 0xc00000cb60]" category=Convert component=NAS
time="2022-05-17T16:09:17Z" level=info msg="set log level : info" category=NAS component=LIB
time="2022-05-17T16:09:17Z" level=info msg="set report call : false" category=NAS component=LIB
time="2022-05-17T16:13:17Z" level=info msg="set log level : info" category=NAS component=LIB
time="2022-05-17T16:13:17Z" level=info msg="set report call : false" category=NAS component=LIB
time="2022-05-17T16:58:22Z" level=info msg="set log level : info" category=NAS component=LIB
time="2022-05-17T16:58:22Z" level=info msg="set report call : false" category=NAS component=LIB
time="2022-05-17T17:04:28Z" level=info msg="set log level : info" category=NAS component=LIB
time="2022-05-17T17:04:28Z" level=info msg="set report call : false" category=NAS component=LIB
time="2022-05-17T17:12:49Z" level=info msg="set log level : info" category=NAS component=LIB
time="2022-05-17T17:12:49Z" level=info msg="set report call : false" category=NAS component=LIB
time="2022-05-17T17:18:42Z" level=info msg="set log level : info" category=NAS component=LIB
time="2022-05-17T17:18:42Z" level=info msg="set report call : false" category=NAS component=LIB
time="2022-05-23T13:51:42Z" level=info msg="set log level : info" category=NAS component=LIB
time="2022-05-23T13:51:42Z" level=info msg="set report call : false" category=NAS component=LIB
time="2022-05-23T13:51:57Z" level=info msg="set log level : info" category=NAS component=LIB
time="2022-05-23T13:51:57Z" level=info msg="set report call : false" category=NAS component=LIB
time="2022-05-23T15:08:17Z" level=info msg="set log level : info" category=NAS component=LIB
time="2022-05-23T15:08:17Z" level=info msg="set report call : false" category=NAS component=LIB
time="2022-05-23T15:08:34Z" level=info msg="set log level : info" category=NAS component=LIB
time="2022-05-23T15:08:34Z" level=info msg="set report call : false" category=NAS component=LIB
time="2022-05-23T16:37:08Z" level=info msg="set log level : info" category=NAS component=LIB
time="2022-05-23T16:37:08Z" level=info msg="set report call : false" category=NAS component=LIB
time="2022-05-23T16:37:19Z" level=info msg="set log level : info" category=NAS component=LIB
time="2022-05-23T16:37:19Z" level=info msg="set report call : false" category=NAS component=LIB
time="2022-05-23T16:41:21Z" level=info msg="set log level : info" category=NAS component=LIB
time="2022-05-23T16:41:21Z" level=info msg="set report call : false" category=NAS component=LIB
time="2022-05-23T16:43:53Z" level=info msg="set log level : info" category=NAS component=LIB
time="2022-05-23T16:43:53Z" level=info msg="set report call : false" category=NAS component=LIB
time="2022-05-23T16:49:34Z" level=info msg="set log level : info" category=NAS component=LIB
time="2022-05-23T16:49:34Z" level=info msg="set report call : false" category=NAS component=LIB
time="2022-05-23T16:56:52Z" level=info msg="set log level : info" category=NAS component=LIB
time="2022-05-23T16:56:52Z" level=info msg="set report call : false" category=NAS component=LIB
time="2022-05-23T17:03:53Z" level=info msg="set log level : info" category=NAS component=LIB
time="2022-05-23T17:03:53Z" level=info msg="set report call : false" category=NAS component=LIB
time="2022-05-23T17:04:24Z" level=info msg="set log level : info" category=NAS component=LIB
time="2022-05-23T17:04:24Z" level=info msg="set report call : false" category=NAS component=LIB
time="2022-05-23T17:18:36Z" level=info msg="set log level : info" category=NAS component=LIB
time="2022-05-23T17:18:36Z" level=info msg="set report call : false" category=NAS component=LIB
time="2022-05-23T17:18:48Z" level=info msg="set log level : info" category=NAS component=LIB
time="2022-05-23T17:18:48Z" level=info msg="set report call : false" category=NAS component=LIB
time="2022-05-23T17:18:58Z" level=info msg="set log level : info" category=NAS component=LIB
time="2022-05-23T17:18:58Z" level=info msg="set report call : false" category=NAS component=LIB
time="2022-05-23T17:23:33Z" level=info msg="set log level : info" category=NAS component=LIB
time="2022-05-23T17:23:33Z" level=info msg="set report call : false" category=NAS component=LIB
time="2022-05-23T17:24:15Z" level=info msg="set log level : info" category=NAS component=LIB
time="2022-05-23T17:24:15Z" level=info msg="set report call : false" category=NAS component=LIB
time="2022-05-23T17:24:45Z" level=info msg="set log level : info" category=NAS component=LIB
time="2022-05-23T17:24:45Z" level=info msg="set report call : false" category=NAS component=LIB
time="2022-05-23T17:26:42Z" level=info msg="set log level : info" category=NAS component=LIB
time="2022-05-23T17:26:42Z" level=info msg="set report call : false" category=NAS component=LIB
time="2022-05-23T17:30:49Z" level=info msg="set log level : info" category=NAS component=LIB
time="2022-05-23T17:30:49Z" level=info msg="set report call : false" category=NAS component=LIB
time="2022-05-23T17:31:48Z" level=info msg="set log level : info" category=NAS component=LIB
time="2022-05-23T17:31:48Z" level=info msg="set report call : false" category=NAS component=LIB
time="2022-05-23T17:35:57Z" level=info msg="set log level : info" category=NAS component=LIB
time="2022-05-23T17:35:57Z" level=info msg="set report call : false" category=NAS component=LIB
time="2022-05-23T17:36:12Z" level=info msg="set log level : info" category=NAS component=LIB
time="2022-05-23T17:36:12Z" level=info msg="set report call : false" category=NAS component=LIB
time="2022-05-23T17:36:22Z" level=info msg="set log level : info" category=NAS component=LIB
time="2022-05-23T17:36:22Z" level=info msg="set report call : false" category=NAS component=LIB
time="2022-05-23T17:37:56Z" level=info msg="set log level : info" category=NAS component=LIB
time="2022-05-23T17:37:56Z" level=info msg="set report call : false" category=NAS component=LIB
time="2022-05-23T17:50:21Z" level=info msg="set log level : info" category=NAS component=LIB
time="2022-05-23T17:50:21Z" level=info msg="set report call : false" category=NAS component=LIB
time="2022-05-23T17:56:13Z" level=info msg="set log level : info" category=NAS component=LIB
time="2022-05-23T17:56:13Z" level=info msg="set report call : false" category=NAS component=LIB
time="2022-05-23T17:56:22Z" level=info msg="set log level : info" category=NAS component=LIB
time="2022-05-23T17:56:22Z" level=info msg="set report call : false" category=NAS component=LIB
time="2022-05-23T17:56:53Z" level=info msg="set log level : info" category=NAS component=LIB
time="2022-05-23T17:56:53Z" level=info msg="set report call : false" category=NAS component=LIB
time="2022-05-24T14:17:17Z" level=info msg="set log level : info" category=NAS component=LIB
time="2022-05-24T14:17:17Z" level=info msg="set report call : false" category=NAS component=LIB
time="2022-05-24T14:17:29Z" level=info msg="set log level : info" category=NAS component=LIB
time="2022-05-24T14:17:29Z" level=info msg="set report call : false" category=NAS component=LIB
time="2022-05-24T14:25:10Z" level=info msg="set log level : info" category=NAS component=LIB
time="2022-05-24T14:25:10Z" level=info msg="set report call : false" category=NAS component=LIB
time="2022-05-24T14:38:26Z" level=info msg="set log level : info" category=NAS component=LIB
time="2022-05-24T14:38:26Z" level=info msg="set report call : false" category=NAS component=LIB
time="2022-05-24T17:33:32Z" level=info msg="set log level : info" category=NAS component=LIB
time="2022-05-24T17:33:32Z" level=info msg="set report call : false" category=NAS component=LIB
time="2022-05-24T17:41:27Z" level=info msg="set log level : info" category=NAS component=LIB
time="2022-05-24T17:41:27Z" level=info msg="set report call : false" category=NAS component=LIB
time="2022-05-24T17:43:54Z" level=info msg="set log level : info" category=NAS component=LIB
time="2022-05-24T17:43:54Z" level=info msg="set report call : false" category=NAS component=LIB
time="2022-05-24T17:48:51Z" level=info msg="set log level : info" category=NAS component=LIB
time="2022-05-24T17:48:51Z" level=info msg="set report call : false" category=NAS component=LIB
time="2022-05-24T17:56:34Z" level=info msg="set log level : info" category=NAS component=LIB
time="2022-05-24T17:56:34Z" level=info msg="set report call : false" category=NAS component=LIB
time="2022-05-24T17:58:34Z" level=info msg="set log level : info" category=NAS component=LIB
time="2022-05-24T17:58:34Z" level=info msg="set report call : false" category=NAS component=LIB
time="2022-05-24T18:01:48Z" level=info msg="set log level : info" category=NAS component=LIB
time="2022-05-24T18:01:48Z" level=info msg="set report call : false" category=NAS component=LIB
time="2022-05-24T18:22:41Z" level=info msg="set log level : info" category=NAS component=LIB
time="2022-05-24T18:22:41Z" level=info msg="set report call : false" category=NAS component=LIB
time="2022-05-31T19:11:00Z" level=info msg="set log level : info" category=NAS component=LIB
time="2022-05-31T19:11:00Z" level=info msg="set report call : false" category=NAS component=LIB
time="2022-05-31T19:11:15Z" level=info msg="set log level : info" category=NAS component=LIB
time="2022-05-31T19:11:15Z" level=info msg="set report call : false" category=NAS component=LIB
time="2022-05-31T19:11:26Z" level=info msg="set log level : info" category=NAS component=LIB
time="2022-05-31T19:11:26Z" level=info msg="set report call : false" category=NAS component=LIB
time="2022-05-31T19:11:51Z" level=info msg="set log level : info" category=NAS component=LIB
time="2022-05-31T19:11:51Z" level=info msg="set report call : false" category=NAS component=LIB
time="2022-05-31T19:11:53Z" level=info msg="set log level : info" category=NAS component=LIB
time="2022-05-31T19:11:53Z" level=info msg="set report call : false" category=NAS component=LIB
time="2022-05-31T19:15:20Z" level=info msg="set log level : info" category=NAS component=LIB
time="2022-05-31T19:15:20Z" level=info msg="set report call : false" category=NAS component=LIB
